<?xml version="1.0" encoding="UTF-8" ?>
<testsuites>
  <testsuite errors="0" failures="0" hostname="Janderson_Jason" id="0" name="UsuarioFunctionalTests" package="les.ejc" tests="13" time="38.782" timestamp="2011-03-17T04:48:42">
      <properties />

      <testcase classname="les.ejc.UsuarioFunctionalTests" name="testTituloBasico" time="18.891" />

      <testcase classname="les.ejc.UsuarioFunctionalTests" name="testListaUsuarios" time="3.344" />

      <testcase classname="les.ejc.UsuarioFunctionalTests" name="testCadastroValido" time="5.125" />

      <testcase classname="les.ejc.UsuarioFunctionalTests" name="testCadastroNulo" time="1.578" />

      <testcase classname="les.ejc.UsuarioFunctionalTests" name="testCadastroNomeVazio" time="1.563" />

      <testcase classname="les.ejc.UsuarioFunctionalTests" name="testCadastroNomeInvalido" time="0.953" />

      <testcase classname="les.ejc.UsuarioFunctionalTests" name="testCadastroDeNomeUsualInvalido" time="0.922" />

      <testcase classname="les.ejc.UsuarioFunctionalTests" name="testCadastroDeParoquiaInvalido" time="0.969" />

      <testcase classname="les.ejc.UsuarioFunctionalTests" name="testCadastroDeEquipesTrabalhadasInvalido" time="1.11" />

      <testcase classname="les.ejc.UsuarioFunctionalTests" name="testCadastroObservacoesInvalido" time="1.172" />

      <testcase classname="les.ejc.UsuarioFunctionalTests" name="testEmailInvalido" time="0.828" />

      <testcase classname="les.ejc.UsuarioFunctionalTests" name="testNomeUsualAutomatico" time="1.125" />

      <testcase classname="les.ejc.UsuarioFunctionalTests" name="testTelefoneInvalido" time="0.906" />

      <system-out><![CDATA[--Output from testTituloBasico--


>>>>>>>>>>>>>>>>>>>> Making request to http://localhost:8080/les-ejc/usuario/create using method GET >>>>>>>>>>>>>>>>>>>>
Initializing web request settings for http://localhost:8080/les-ejc/usuario/create
Request parameters:
========================================
========================================
Request headers:
========================================
Accept-Language: en
Accept: */*
========================================
Content of web window [TopLevelWindow[name=""]] changed
<<<<<<<<<<<<<<<<<<<< Received response from GET http://localhost:8080/les-ejc/usuario/create <<<<<<<<<<<<<<<<<<<<
Response was 200 'OK', headers:
========================================
Server: Apache-Coyote/1.1
Set-Cookie: JSESSIONID=91173C818F555C081CF9FA49A1533ED9; Path=/les-ejc
Content-Type: text/html;charset=UTF-8
Content-Language: en
Transfer-Encoding: chunked
Date: Thu, 17 Mar 2011 04:48:56 GMT
========================================
Content
========================================
<!DOCTYPE html>
<html>
    <head>
        <title>Criar Usuario</title>
        <link rel="stylesheet" href="/les-ejc/css/main.css" />
        <link rel="shortcut icon" href="/les-ejc/images/favicon.ico" type="image/x-icon" />
        
        <meta http-equiv="Content-Type" content="text/html; charset=UTF-8"/>
        <meta name="layout" content="main"/>
        
        
    
        <script type="text/javascript" src="/les-ejc/js/application.js"></script>

		<div id="header">
		  <div id="loginHeader">
			[<a href="/les-ejc/">Login</a>]
		  </div>
		</div>
    </head>
    <body>
        <div id="spinner" class="spinner" style="display:none;">
            <img src="/les-ejc/images/spinner.gif" alt="Loading..." />
        </div>
        <div id="grailsLogo"><a href="http://grails.org"><img src="/les-ejc/images/grails_logo.png" alt="Grails" border="0" /></a></div>
        
        <div class="nav">
            <span class="menuButton"><a class="home" href="/les-ejc/">Principal</a></span>
            <span class="menuButton"><a href="/les-ejc/usuario/list" class="list">Lista de Usuario</a></span>
        </div>
        <div class="body">
            <h1>Criar Usuario</h1>
            
            
            <form action="/les-ejc/usuario/save" method="post" enctype="multipart/form-data" >
                <div class="dialog">
                    <table>
                        <tbody>
                        
                            <tr class="prop">
                                <td valign="top" class="name">
                                    <label for="nomeCompleto">Nome Completo</label>
                                </td>
                                <td valign="top" class="value ">
                                    <input type="text" name="nomeCompleto" maxlength="100" value="" id="nomeCompleto" />
                                </td>
                            </tr>
                        
                            <tr class="prop">
                                <td valign="top" class="name">
                                    <label for="nomeUsual">Nome Usual</label>
                                </td>
                                <td valign="top" class="value ">
                                    <input type="text" name="nomeUsual" maxlength="40" value="" id="nomeUsual" />
                                </td>
                            </tr>
                        
                            <tr class="prop">
                                <td valign="top" class="name">
                                    <label for="dataDeNascimento">Data De Nascimento</label>
                                </td>
                                <td valign="top" class="value ">
                                    <input type="hidden" name="dataDeNascimento" value="date.struct" />
<select name="dataDeNascimento_day" id="dataDeNascimento_day">
<option value="" selected="selected"></option>
<option value="1">1</option>
<option value="2">2</option>
<option value="3">3</option>
<option value="4">4</option>
<option value="5">5</option>
<option value="6">6</option>
<option value="7">7</option>
<option value="8">8</option>
<option value="9">9</option>
<option value="10">10</option>
<option value="11">11</option>
<option value="12">12</option>
<option value="13">13</option>
<option value="14">14</option>
<option value="15">15</option>
<option value="16">16</option>
<option value="17">17</option>
<option value="18">18</option>
<option value="19">19</option>
<option value="20">20</option>
<option value="21">21</option>
<option value="22">22</option>
<option value="23">23</option>
<option value="24">24</option>
<option value="25">25</option>
<option value="26">26</option>
<option value="27">27</option>
<option value="28">28</option>
<option value="29">29</option>
<option value="30">30</option>
<option value="31">31</option>
</select>
<select name="dataDeNascimento_month" id="dataDeNascimento_month">
<option value="" selected="selected"></option>
<option value="1">January</option>
<option value="2">February</option>
<option value="3">March</option>
<option value="4">April</option>
<option value="5">May</option>
<option value="6">June</option>
<option value="7">July</option>
<option value="8">August</option>
<option value="9">September</option>
<option value="10">October</option>
<option value="11">November</option>
<option value="12">December</option>
</select>
<select name="dataDeNascimento_year" id="dataDeNascimento_year">
<option value="" selected="selected"></option>
<option value="1911">1911</option>
<option value="1912">1912</option>
<option value="1913">1913</option>
<option value="1914">1914</option>
<option value="1915">1915</option>
<option value="1916">1916</option>
<option value="1917">1917</option>
<option value="1918">1918</option>
<option value="1919">1919</option>
<option value="1920">1920</option>
<option value="1921">1921</option>
<option value="1922">1922</option>
<option value="1923">1923</option>
<option value="1924">1924</option>
<option value="1925">1925</option>
<option value="1926">1926</option>
<option value="1927">1927</option>
<option value="1928">1928</option>
<option value="1929">1929</option>
<option value="1930">1930</option>
<option value="1931">1931</option>
<option value="1932">1932</option>
<option value="1933">1933</option>
<option value="1934">1934</option>
<option value="1935">1935</option>
<option value="1936">1936</option>
<option value="1937">1937</option>
<option value="1938">1938</option>
<option value="1939">1939</option>
<option value="1940">1940</option>
<option value="1941">1941</option>
<option value="1942">1942</option>
<option value="1943">1943</option>
<option value="1944">1944</option>
<option value="1945">1945</option>
<option value="1946">1946</option>
<option value="1947">1947</option>
<option value="1948">1948</option>
<option value="1949">1949</option>
<option value="1950">1950</option>
<option value="1951">1951</option>
<option value="1952">1952</option>
<option value="1953">1953</option>
<option value="1954">1954</option>
<option value="1955">1955</option>
<option value="1956">1956</option>
<option value="1957">1957</option>
<option value="1958">1958</option>
<option value="1959">1959</option>
<option value="1960">1960</option>
<option value="1961">1961</option>
<option value="1962">1962</option>
<option value="1963">1963</option>
<option value="1964">1964</option>
<option value="1965">1965</option>
<option value="1966">1966</option>
<option value="1967">1967</option>
<option value="1968">1968</option>
<option value="1969">1969</option>
<option value="1970">1970</option>
<option value="1971">1971</option>
<option value="1972">1972</option>
<option value="1973">1973</option>
<option value="1974">1974</option>
<option value="1975">1975</option>
<option value="1976">1976</option>
<option value="1977">1977</option>
<option value="1978">1978</option>
<option value="1979">1979</option>
<option value="1980">1980</option>
<option value="1981">1981</option>
<option value="1982">1982</option>
<option value="1983">1983</option>
<option value="1984">1984</option>
<option value="1985">1985</option>
<option value="1986">1986</option>
<option value="1987">1987</option>
<option value="1988">1988</option>
<option value="1989">1989</option>
<option value="1990">1990</option>
<option value="1991">1991</option>
<option value="1992">1992</option>
<option value="1993">1993</option>
<option value="1994">1994</option>
<option value="1995">1995</option>
<option value="1996">1996</option>
<option value="1997">1997</option>
<option value="1998">1998</option>
<option value="1999">1999</option>
<option value="2000">2000</option>
<option value="2001">2001</option>
<option value="2002">2002</option>
<option value="2003">2003</option>
<option value="2004">2004</option>
<option value="2005">2005</option>
<option value="2006">2006</option>
<option value="2007">2007</option>
<option value="2008">2008</option>
<option value="2009">2009</option>
<option value="2010">2010</option>
<option value="2011">2011</option>
<option value="2012">2012</option>
<option value="2013">2013</option>
<option value="2014">2014</option>
<option value="2015">2015</option>
<option value="2016">2016</option>
<option value="2017">2017</option>
<option value="2018">2018</option>
<option value="2019">2019</option>
<option value="2020">2020</option>
<option value="2021">2021</option>
<option value="2022">2022</option>
<option value="2023">2023</option>
<option value="2024">2024</option>
<option value="2025">2025</option>
<option value="2026">2026</option>
<option value="2027">2027</option>
<option value="2028">2028</option>
<option value="2029">2029</option>
<option value="2030">2030</option>
<option value="2031">2031</option>
<option value="2032">2032</option>
<option value="2033">2033</option>
<option value="2034">2034</option>
<option value="2035">2035</option>
<option value="2036">2036</option>
<option value="2037">2037</option>
<option value="2038">2038</option>
<option value="2039">2039</option>
<option value="2040">2040</option>
<option value="2041">2041</option>
<option value="2042">2042</option>
<option value="2043">2043</option>
<option value="2044">2044</option>
<option value="2045">2045</option>
<option value="2046">2046</option>
<option value="2047">2047</option>
<option value="2048">2048</option>
<option value="2049">2049</option>
<option value="2050">2050</option>
<option value="2051">2051</option>
<option value="2052">2052</option>
<option value="2053">2053</option>
<option value="2054">2054</option>
<option value="2055">2055</option>
<option value="2056">2056</option>
<option value="2057">2057</option>
<option value="2058">2058</option>
<option value="2059">2059</option>
<option value="2060">2060</option>
<option value="2061">2061</option>
<option value="2062">2062</option>
<option value="2063">2063</option>
<option value="2064">2064</option>
<option value="2065">2065</option>
<option value="2066">2066</option>
<option value="2067">2067</option>
<option value="2068">2068</option>
<option value="2069">2069</option>
<option value="2070">2070</option>
<option value="2071">2071</option>
<option value="2072">2072</option>
<option value="2073">2073</option>
<option value="2074">2074</option>
<option value="2075">2075</option>
<option value="2076">2076</option>
<option value="2077">2077</option>
<option value="2078">2078</option>
<option value="2079">2079</option>
<option value="2080">2080</option>
<option value="2081">2081</option>
<option value="2082">2082</option>
<option value="2083">2083</option>
<option value="2084">2084</option>
<option value="2085">2085</option>
<option value="2086">2086</option>
<option value="2087">2087</option>
<option value="2088">2088</option>
<option value="2089">2089</option>
<option value="2090">2090</option>
<option value="2091">2091</option>
<option value="2092">2092</option>
<option value="2093">2093</option>
<option value="2094">2094</option>
<option value="2095">2095</option>
<option value="2096">2096</option>
<option value="2097">2097</option>
<option value="2098">2098</option>
<option value="2099">2099</option>
<option value="2100">2100</option>
<option value="2101">2101</option>
<option value="2102">2102</option>
<option value="2103">2103</option>
<option value="2104">2104</option>
<option value="2105">2105</option>
<option value="2106">2106</option>
<option value="2107">2107</option>
<option value="2108">2108</option>
<option value="2109">2109</option>
<option value="2110">2110</option>
<option value="2111">2111</option>
</select>

                                </td>
                            </tr>
                        
                            <tr class="prop">
                                <td valign="top" class="name">
                                    <label for="endereco">Endereco</label>
                                </td>
                                <td valign="top" class="value ">
                                    <select name="endereco.id" id="endereco.id" >
<option value="null"></option>
</select>
                                </td>
                            </tr>
                        
                            <tr class="prop">
                                <td valign="top" class="name">
                                    <label for="telefone">Telefone</label>
                                </td>
                                <td valign="top" class="value ">
                                    <input type="text" name="telefone" maxlength="10" value="" id="telefone" />
                                </td>
                            </tr>
                        
                            <tr class="prop">
                                <td valign="top" class="name">
                                    <label for="email">Email</label>
                                </td>
                                <td valign="top" class="value ">
                                    <input type="text" name="email" value="" id="email" />
                                </td>
                            </tr>
                        
                            <tr class="prop">
                                <td valign="top" class="name">
                                    <label for="foto">Foto</label>
                                </td>
                                <td valign="top" class="value ">
                                    <input type="file" id="foto" name="foto" />
                                </td>
                            </tr>
                        
                            <tr class="prop">
                                <td valign="top" class="name">
                                    <label for="paroquia">Paroquia</label>
                                </td>
                                <td valign="top" class="value ">
                                    <input type="text" name="paroquia" value="" id="paroquia" />
                                </td>
                            </tr>
                        
                            <tr class="prop">
                                <td valign="top" class="name">
                                    <label for="equipesTrabalhadas">Equipes Trabalhadas</label>
                                </td>
                                <td valign="top" class="value ">
                                    <input type="text" name="equipesTrabalhadas" value="" id="equipesTrabalhadas" />
                                </td>
                            </tr>
                        
                            <tr class="prop">
                                <td valign="top" class="name">
                                    <label for="observacoes">Observacoes</label>
                                </td>
                                <td valign="top" class="value ">
                                    <input type="text" name="observacoes" value="" id="observacoes" />
                                </td>
                            </tr>
                        
                            <tr class="prop">
                                <td valign="top" class="name">
                                    <label for="senha">Senha</label>
                                </td>
                                <td valign="top" class="value ">
                                    <input type="text" name="senha" value="" id="senha" />
                                </td>
                            </tr>
                        
                            <tr class="prop">
                                <td valign="top" class="name">
                                    <label for="login">Login</label>
                                </td>
                                <td valign="top" class="value ">
                                    <input type="text" name="login" value="" id="login" />
                                </td>
                            </tr>
                        
                            <tr class="prop">
                                <td valign="top" class="name">
                                    <label for="j5Atual">J5 Atual</label>
                                </td>
                                <td valign="top" class="value ">
                                    <input type="hidden" name="_j5Atual" /><input type="checkbox" name="j5Atual" id="j5Atual"  />
                                </td>
                            </tr>
                        
                            <tr class="prop">
                                <td valign="top" class="name">
                                    <label for="status">Status</label>
                                </td>
                                <td valign="top" class="value ">
                                    <select name="status" id="status" >
<option value="Ativo" >Ativo</option>
<option value="Casado" >Casado</option>
<option value="Impedido" >Impedido</option>
<option value="Sem_Contato" >Sem_Contato</option>
</select>
                                </td>
                            </tr>
                        
                            <tr class="prop">
                                <td valign="top" class="name">
                                    <label for="tipo">Tipo</label>
                                </td>
                                <td valign="top" class="value ">
                                    <select name="tipo" id="tipo" >
<option value="Jovem" >Jovem</option>
<option value="Casal" >Casal</option>
<option value="Padre" >Padre</option>
</select>
                                </td>
                            </tr>
                        
                        </tbody>
                    </table>
                </div>
                <div class="buttons">
                    <span class="button"><input type="submit" name="create" class="save" value="Criar" id="create" /></span>
                </div>
            </form>
        </div>
    
    </body>
</html>
========================================

#--Output from testListaUsuarios--


>>>>>>>>>>>>>>>>>>>> Making request to http://localhost:8080/les-ejc/usuario/list using method GET >>>>>>>>>>>>>>>>>>>>
Initializing web request settings for http://localhost:8080/les-ejc/usuario/list
Request parameters:
========================================
========================================
Request headers:
========================================
Accept-Language: en
Accept: */*
========================================
Content of web window [TopLevelWindow[name=""]] changed
<<<<<<<<<<<<<<<<<<<< Received response from GET http://localhost:8080/les-ejc/usuario/list <<<<<<<<<<<<<<<<<<<<
Response was 200 'OK', headers:
========================================
Server: Apache-Coyote/1.1
Set-Cookie: JSESSIONID=F8ADB861800A2657B4027062166BACED; Path=/les-ejc
Content-Type: text/html;charset=UTF-8
Content-Language: en
Content-Length: 3040
Date: Thu, 17 Mar 2011 04:49:04 GMT
========================================
Content
========================================
<!DOCTYPE html>
<html>
    <head>
        <title>Lista de Usuario</title>
        <link rel="stylesheet" href="/les-ejc/css/main.css" />
        <link rel="shortcut icon" href="/les-ejc/images/favicon.ico" type="image/x-icon" />
        
        <meta http-equiv="Content-Type" content="text/html; charset=UTF-8"/>
        <meta name="layout" content="main"/>
        
        
    
        <script type="text/javascript" src="/les-ejc/js/application.js"></script>

		<div id="header">
		  <div id="loginHeader">
			[<a href="/les-ejc/">Login</a>]
		  </div>
		</div>
    </head>
    <body>
        <div id="spinner" class="spinner" style="display:none;">
            <img src="/les-ejc/images/spinner.gif" alt="Loading..." />
        </div>
        <div id="grailsLogo"><a href="http://grails.org"><img src="/les-ejc/images/grails_logo.png" alt="Grails" border="0" /></a></div>
        
        <div class="nav">
            <span class="menuButton"><a class="home" href="/les-ejc/">Principal</a></span>
            <span class="menuButton"><a href="/les-ejc/usuario/create" class="create">Inserir Usuario</a></span>
        </div>
        <div class="body">
            <h1>Lista de Usuario</h1>
            
            <div class="list">
                <table>
                    <thead>
                        <tr>
                        
                            <th class="sortable" ><a href="/les-ejc/usuario/list?sort=id&amp;order=asc">Id</a></th>
                        
                            <th class="sortable" ><a href="/les-ejc/usuario/list?sort=nomeCompleto&amp;order=asc">Nome Completo</a></th>
                        
                            <th class="sortable" ><a href="/les-ejc/usuario/list?sort=nomeUsual&amp;order=asc">Nome Usual</a></th>
                        
                            <th class="sortable" ><a href="/les-ejc/usuario/list?sort=dataDeNascimento&amp;order=asc">Data De Nascimento</a></th>
                        
                            <th>Endereco</th>
                        
                            <th class="sortable" ><a href="/les-ejc/usuario/list?sort=telefone&amp;order=asc">Telefone</a></th>
                        
                        </tr>
                    </thead>
                    <tbody>
                    
                        <tr class="odd">
                        
                            <td><a href="/les-ejc/usuario/show/1">1</a></td>
                        
                            <td>admin</td>
                        
                            <td></td>
                        
                            <td></td>
                        
                            <td></td>
                        
                            <td></td>
                        
                        </tr>
                    
                    </tbody>
                </table>
            </div>
            <div class="paginateButtons">
                
            </div>
        </div>
    
    </body>
</html>
========================================

#--Output from testCadastroValido--


>>>>>>>>>>>>>>>>>>>> Making request to http://localhost:8080/les-ejc/usuario/create using method GET >>>>>>>>>>>>>>>>>>>>
Initializing web request settings for http://localhost:8080/les-ejc/usuario/create
Request parameters:
========================================
========================================
Request headers:
========================================
Accept-Language: en
Accept: */*
========================================
Content of web window [TopLevelWindow[name=""]] changed
<<<<<<<<<<<<<<<<<<<< Received response from GET http://localhost:8080/les-ejc/usuario/create <<<<<<<<<<<<<<<<<<<<
Response was 200 'OK', headers:
========================================
Server: Apache-Coyote/1.1
Set-Cookie: JSESSIONID=8BCB655EC55220E350CE961BF1A17AAB; Path=/les-ejc
Content-Type: text/html;charset=UTF-8
Content-Language: en
Transfer-Encoding: chunked
Date: Thu, 17 Mar 2011 04:49:04 GMT
========================================
Content
========================================
<!DOCTYPE html>
<html>
    <head>
        <title>Criar Usuario</title>
        <link rel="stylesheet" href="/les-ejc/css/main.css" />
        <link rel="shortcut icon" href="/les-ejc/images/favicon.ico" type="image/x-icon" />
        
        <meta http-equiv="Content-Type" content="text/html; charset=UTF-8"/>
        <meta name="layout" content="main"/>
        
        
    
        <script type="text/javascript" src="/les-ejc/js/application.js"></script>

		<div id="header">
		  <div id="loginHeader">
			[<a href="/les-ejc/">Login</a>]
		  </div>
		</div>
    </head>
    <body>
        <div id="spinner" class="spinner" style="display:none;">
            <img src="/les-ejc/images/spinner.gif" alt="Loading..." />
        </div>
        <div id="grailsLogo"><a href="http://grails.org"><img src="/les-ejc/images/grails_logo.png" alt="Grails" border="0" /></a></div>
        
        <div class="nav">
            <span class="menuButton"><a class="home" href="/les-ejc/">Principal</a></span>
            <span class="menuButton"><a href="/les-ejc/usuario/list" class="list">Lista de Usuario</a></span>
        </div>
        <div class="body">
            <h1>Criar Usuario</h1>
            
            
            <form action="/les-ejc/usuario/save" method="post" enctype="multipart/form-data" >
                <div class="dialog">
                    <table>
                        <tbody>
                        
                            <tr class="prop">
                                <td valign="top" class="name">
                                    <label for="nomeCompleto">Nome Completo</label>
                                </td>
                                <td valign="top" class="value ">
                                    <input type="text" name="nomeCompleto" maxlength="100" value="" id="nomeCompleto" />
                                </td>
                            </tr>
                        
                            <tr class="prop">
                                <td valign="top" class="name">
                                    <label for="nomeUsual">Nome Usual</label>
                                </td>
                                <td valign="top" class="value ">
                                    <input type="text" name="nomeUsual" maxlength="40" value="" id="nomeUsual" />
                                </td>
                            </tr>
                        
                            <tr class="prop">
                                <td valign="top" class="name">
                                    <label for="dataDeNascimento">Data De Nascimento</label>
                                </td>
                                <td valign="top" class="value ">
                                    <input type="hidden" name="dataDeNascimento" value="date.struct" />
<select name="dataDeNascimento_day" id="dataDeNascimento_day">
<option value="" selected="selected"></option>
<option value="1">1</option>
<option value="2">2</option>
<option value="3">3</option>
<option value="4">4</option>
<option value="5">5</option>
<option value="6">6</option>
<option value="7">7</option>
<option value="8">8</option>
<option value="9">9</option>
<option value="10">10</option>
<option value="11">11</option>
<option value="12">12</option>
<option value="13">13</option>
<option value="14">14</option>
<option value="15">15</option>
<option value="16">16</option>
<option value="17">17</option>
<option value="18">18</option>
<option value="19">19</option>
<option value="20">20</option>
<option value="21">21</option>
<option value="22">22</option>
<option value="23">23</option>
<option value="24">24</option>
<option value="25">25</option>
<option value="26">26</option>
<option value="27">27</option>
<option value="28">28</option>
<option value="29">29</option>
<option value="30">30</option>
<option value="31">31</option>
</select>
<select name="dataDeNascimento_month" id="dataDeNascimento_month">
<option value="" selected="selected"></option>
<option value="1">January</option>
<option value="2">February</option>
<option value="3">March</option>
<option value="4">April</option>
<option value="5">May</option>
<option value="6">June</option>
<option value="7">July</option>
<option value="8">August</option>
<option value="9">September</option>
<option value="10">October</option>
<option value="11">November</option>
<option value="12">December</option>
</select>
<select name="dataDeNascimento_year" id="dataDeNascimento_year">
<option value="" selected="selected"></option>
<option value="1911">1911</option>
<option value="1912">1912</option>
<option value="1913">1913</option>
<option value="1914">1914</option>
<option value="1915">1915</option>
<option value="1916">1916</option>
<option value="1917">1917</option>
<option value="1918">1918</option>
<option value="1919">1919</option>
<option value="1920">1920</option>
<option value="1921">1921</option>
<option value="1922">1922</option>
<option value="1923">1923</option>
<option value="1924">1924</option>
<option value="1925">1925</option>
<option value="1926">1926</option>
<option value="1927">1927</option>
<option value="1928">1928</option>
<option value="1929">1929</option>
<option value="1930">1930</option>
<option value="1931">1931</option>
<option value="1932">1932</option>
<option value="1933">1933</option>
<option value="1934">1934</option>
<option value="1935">1935</option>
<option value="1936">1936</option>
<option value="1937">1937</option>
<option value="1938">1938</option>
<option value="1939">1939</option>
<option value="1940">1940</option>
<option value="1941">1941</option>
<option value="1942">1942</option>
<option value="1943">1943</option>
<option value="1944">1944</option>
<option value="1945">1945</option>
<option value="1946">1946</option>
<option value="1947">1947</option>
<option value="1948">1948</option>
<option value="1949">1949</option>
<option value="1950">1950</option>
<option value="1951">1951</option>
<option value="1952">1952</option>
<option value="1953">1953</option>
<option value="1954">1954</option>
<option value="1955">1955</option>
<option value="1956">1956</option>
<option value="1957">1957</option>
<option value="1958">1958</option>
<option value="1959">1959</option>
<option value="1960">1960</option>
<option value="1961">1961</option>
<option value="1962">1962</option>
<option value="1963">1963</option>
<option value="1964">1964</option>
<option value="1965">1965</option>
<option value="1966">1966</option>
<option value="1967">1967</option>
<option value="1968">1968</option>
<option value="1969">1969</option>
<option value="1970">1970</option>
<option value="1971">1971</option>
<option value="1972">1972</option>
<option value="1973">1973</option>
<option value="1974">1974</option>
<option value="1975">1975</option>
<option value="1976">1976</option>
<option value="1977">1977</option>
<option value="1978">1978</option>
<option value="1979">1979</option>
<option value="1980">1980</option>
<option value="1981">1981</option>
<option value="1982">1982</option>
<option value="1983">1983</option>
<option value="1984">1984</option>
<option value="1985">1985</option>
<option value="1986">1986</option>
<option value="1987">1987</option>
<option value="1988">1988</option>
<option value="1989">1989</option>
<option value="1990">1990</option>
<option value="1991">1991</option>
<option value="1992">1992</option>
<option value="1993">1993</option>
<option value="1994">1994</option>
<option value="1995">1995</option>
<option value="1996">1996</option>
<option value="1997">1997</option>
<option value="1998">1998</option>
<option value="1999">1999</option>
<option value="2000">2000</option>
<option value="2001">2001</option>
<option value="2002">2002</option>
<option value="2003">2003</option>
<option value="2004">2004</option>
<option value="2005">2005</option>
<option value="2006">2006</option>
<option value="2007">2007</option>
<option value="2008">2008</option>
<option value="2009">2009</option>
<option value="2010">2010</option>
<option value="2011">2011</option>
<option value="2012">2012</option>
<option value="2013">2013</option>
<option value="2014">2014</option>
<option value="2015">2015</option>
<option value="2016">2016</option>
<option value="2017">2017</option>
<option value="2018">2018</option>
<option value="2019">2019</option>
<option value="2020">2020</option>
<option value="2021">2021</option>
<option value="2022">2022</option>
<option value="2023">2023</option>
<option value="2024">2024</option>
<option value="2025">2025</option>
<option value="2026">2026</option>
<option value="2027">2027</option>
<option value="2028">2028</option>
<option value="2029">2029</option>
<option value="2030">2030</option>
<option value="2031">2031</option>
<option value="2032">2032</option>
<option value="2033">2033</option>
<option value="2034">2034</option>
<option value="2035">2035</option>
<option value="2036">2036</option>
<option value="2037">2037</option>
<option value="2038">2038</option>
<option value="2039">2039</option>
<option value="2040">2040</option>
<option value="2041">2041</option>
<option value="2042">2042</option>
<option value="2043">2043</option>
<option value="2044">2044</option>
<option value="2045">2045</option>
<option value="2046">2046</option>
<option value="2047">2047</option>
<option value="2048">2048</option>
<option value="2049">2049</option>
<option value="2050">2050</option>
<option value="2051">2051</option>
<option value="2052">2052</option>
<option value="2053">2053</option>
<option value="2054">2054</option>
<option value="2055">2055</option>
<option value="2056">2056</option>
<option value="2057">2057</option>
<option value="2058">2058</option>
<option value="2059">2059</option>
<option value="2060">2060</option>
<option value="2061">2061</option>
<option value="2062">2062</option>
<option value="2063">2063</option>
<option value="2064">2064</option>
<option value="2065">2065</option>
<option value="2066">2066</option>
<option value="2067">2067</option>
<option value="2068">2068</option>
<option value="2069">2069</option>
<option value="2070">2070</option>
<option value="2071">2071</option>
<option value="2072">2072</option>
<option value="2073">2073</option>
<option value="2074">2074</option>
<option value="2075">2075</option>
<option value="2076">2076</option>
<option value="2077">2077</option>
<option value="2078">2078</option>
<option value="2079">2079</option>
<option value="2080">2080</option>
<option value="2081">2081</option>
<option value="2082">2082</option>
<option value="2083">2083</option>
<option value="2084">2084</option>
<option value="2085">2085</option>
<option value="2086">2086</option>
<option value="2087">2087</option>
<option value="2088">2088</option>
<option value="2089">2089</option>
<option value="2090">2090</option>
<option value="2091">2091</option>
<option value="2092">2092</option>
<option value="2093">2093</option>
<option value="2094">2094</option>
<option value="2095">2095</option>
<option value="2096">2096</option>
<option value="2097">2097</option>
<option value="2098">2098</option>
<option value="2099">2099</option>
<option value="2100">2100</option>
<option value="2101">2101</option>
<option value="2102">2102</option>
<option value="2103">2103</option>
<option value="2104">2104</option>
<option value="2105">2105</option>
<option value="2106">2106</option>
<option value="2107">2107</option>
<option value="2108">2108</option>
<option value="2109">2109</option>
<option value="2110">2110</option>
<option value="2111">2111</option>
</select>

                                </td>
                            </tr>
                        
                            <tr class="prop">
                                <td valign="top" class="name">
                                    <label for="endereco">Endereco</label>
                                </td>
                                <td valign="top" class="value ">
                                    <select name="endereco.id" id="endereco.id" >
<option value="null"></option>
</select>
                                </td>
                            </tr>
                        
                            <tr class="prop">
                                <td valign="top" class="name">
                                    <label for="telefone">Telefone</label>
                                </td>
                                <td valign="top" class="value ">
                                    <input type="text" name="telefone" maxlength="10" value="" id="telefone" />
                                </td>
                            </tr>
                        
                            <tr class="prop">
                                <td valign="top" class="name">
                                    <label for="email">Email</label>
                                </td>
                                <td valign="top" class="value ">
                                    <input type="text" name="email" value="" id="email" />
                                </td>
                            </tr>
                        
                            <tr class="prop">
                                <td valign="top" class="name">
                                    <label for="foto">Foto</label>
                                </td>
                                <td valign="top" class="value ">
                                    <input type="file" id="foto" name="foto" />
                                </td>
                            </tr>
                        
                            <tr class="prop">
                                <td valign="top" class="name">
                                    <label for="paroquia">Paroquia</label>
                                </td>
                                <td valign="top" class="value ">
                                    <input type="text" name="paroquia" value="" id="paroquia" />
                                </td>
                            </tr>
                        
                            <tr class="prop">
                                <td valign="top" class="name">
                                    <label for="equipesTrabalhadas">Equipes Trabalhadas</label>
                                </td>
                                <td valign="top" class="value ">
                                    <input type="text" name="equipesTrabalhadas" value="" id="equipesTrabalhadas" />
                                </td>
                            </tr>
                        
                            <tr class="prop">
                                <td valign="top" class="name">
                                    <label for="observacoes">Observacoes</label>
                                </td>
                                <td valign="top" class="value ">
                                    <input type="text" name="observacoes" value="" id="observacoes" />
                                </td>
                            </tr>
                        
                            <tr class="prop">
                                <td valign="top" class="name">
                                    <label for="senha">Senha</label>
                                </td>
                                <td valign="top" class="value ">
                                    <input type="text" name="senha" value="" id="senha" />
                                </td>
                            </tr>
                        
                            <tr class="prop">
                                <td valign="top" class="name">
                                    <label for="login">Login</label>
                                </td>
                                <td valign="top" class="value ">
                                    <input type="text" name="login" value="" id="login" />
                                </td>
                            </tr>
                        
                            <tr class="prop">
                                <td valign="top" class="name">
                                    <label for="j5Atual">J5 Atual</label>
                                </td>
                                <td valign="top" class="value ">
                                    <input type="hidden" name="_j5Atual" /><input type="checkbox" name="j5Atual" id="j5Atual"  />
                                </td>
                            </tr>
                        
                            <tr class="prop">
                                <td valign="top" class="name">
                                    <label for="status">Status</label>
                                </td>
                                <td valign="top" class="value ">
                                    <select name="status" id="status" >
<option value="Ativo" >Ativo</option>
<option value="Casado" >Casado</option>
<option value="Impedido" >Impedido</option>
<option value="Sem_Contato" >Sem_Contato</option>
</select>
                                </td>
                            </tr>
                        
                            <tr class="prop">
                                <td valign="top" class="name">
                                    <label for="tipo">Tipo</label>
                                </td>
                                <td valign="top" class="value ">
                                    <select name="tipo" id="tipo" >
<option value="Jovem" >Jovem</option>
<option value="Casal" >Casal</option>
<option value="Padre" >Padre</option>
</select>
                                </td>
                            </tr>
                        
                        </tbody>
                    </table>
                </div>
                <div class="buttons">
                    <span class="button"><input type="submit" name="create" class="save" value="Criar" id="create" /></span>
                </div>
            </form>
        </div>
    
    </body>
</html>
========================================

#Meta methods of page: <java.util.ArrayList@c6c09701 elementData=[org.codehaus.groovy.runtime.metaclass.ClosureMetaMethod@1a729c1[name: getForms params: [] returns: class java.lang.Object owner: class com.gargoylesoftware.htmlunit.html.HtmlPage], public boolean java.lang.Object.equals(java.lang.Object), public final native java.lang.Class java.lang.Object.getClass(), public native int java.lang.Object.hashCode(), public final native void java.lang.Object.notify(), public final native void java.lang.Object.notifyAll(), public java.lang.String java.lang.Object.toString(), public final void java.lang.Object.wait() throws java.lang.InterruptedException, public final native void java.lang.Object.wait(long) throws java.lang.InterruptedException, public final void java.lang.Object.wait(long,int) throws java.lang.InterruptedException, public void com.gargoylesoftware.htmlunit.html.DomNode.addDomChangeListener(com.gargoylesoftware.htmlunit.html.DomChangeListener), public com.gargoylesoftware.htmlunit.html.DomNode com.gargoylesoftware.htmlunit.html.DomNode.appendChild(org.w3c.dom.Node), public org.w3c.dom.Node com.gargoylesoftware.htmlunit.html.DomNode.appendChild(org.w3c.dom.Node) throws org.w3c.dom.DOMException, public java.lang.String com.gargoylesoftware.htmlunit.html.DomNode.asText(), public java.lang.String com.gargoylesoftware.htmlunit.html.DomNode.asXml(), public com.gargoylesoftware.htmlunit.html.DomNode com.gargoylesoftware.htmlunit.html.DomNode.cloneNode(boolean), public org.w3c.dom.Node com.gargoylesoftware.htmlunit.html.DomNode.cloneNode(boolean), public short com.gargoylesoftware.htmlunit.html.DomNode.compareDocumentPosition(org.w3c.dom.Node), public final java.lang.Iterable com.gargoylesoftware.htmlunit.html.DomNode.getAllHtmlChildElements(), public org.w3c.dom.NamedNodeMap com.gargoylesoftware.htmlunit.html.DomNode.getAttributes(), public java.lang.String com.gargoylesoftware.htmlunit.html.DomNode.getBaseURI(), public java.util.List com.gargoylesoftware.htmlunit.html.DomNode.getByXPath(java.lang.String), public java.lang.String com.gargoylesoftware.htmlunit.html.DomNode.getCanonicalXPath(), public org.w3c.dom.NodeList com.gargoylesoftware.htmlunit.html.DomNode.getChildNodes(), public final java.lang.Iterable com.gargoylesoftware.htmlunit.html.DomNode.getChildren(), public int com.gargoylesoftware.htmlunit.html.DomNode.getEndColumnNumber(), public int com.gargoylesoftware.htmlunit.html.DomNode.getEndLineNumber(), public java.lang.Object com.gargoylesoftware.htmlunit.html.DomNode.getFeature(java.lang.String,java.lang.String), public java.lang.Object com.gargoylesoftware.htmlunit.html.DomNode.getFirstByXPath(java.lang.String), public com.gargoylesoftware.htmlunit.html.DomNode com.gargoylesoftware.htmlunit.html.DomNode.getFirstChild(), public org.w3c.dom.Node com.gargoylesoftware.htmlunit.html.DomNode.getFirstChild(), public com.gargoylesoftware.htmlunit.html.DomNode com.gargoylesoftware.htmlunit.html.DomNode.getLastChild(), public org.w3c.dom.Node com.gargoylesoftware.htmlunit.html.DomNode.getLastChild(), public java.lang.String com.gargoylesoftware.htmlunit.html.DomNode.getLocalName(), public java.lang.String com.gargoylesoftware.htmlunit.html.DomNode.getNamespaceURI(), public com.gargoylesoftware.htmlunit.html.DomNode com.gargoylesoftware.htmlunit.html.DomNode.getNextSibling(), public org.w3c.dom.Node com.gargoylesoftware.htmlunit.html.DomNode.getNextSibling(), public abstract java.lang.String com.gargoylesoftware.htmlunit.html.DomNode.getNodeName(), public abstract short com.gargoylesoftware.htmlunit.html.DomNode.getNodeType(), public java.lang.String com.gargoylesoftware.htmlunit.html.DomNode.getNodeValue(), public org.w3c.dom.Document com.gargoylesoftware.htmlunit.html.DomNode.getOwnerDocument(), public com.gargoylesoftware.htmlunit.SgmlPage com.gargoylesoftware.htmlunit.html.DomNode.getPage(), public com.gargoylesoftware.htmlunit.html.DomNode com.gargoylesoftware.htmlunit.html.DomNode.getParentNode(), public org.w3c.dom.Node com.gargoylesoftware.htmlunit.html.DomNode.getParentNode(), public java.lang.String com.gargoylesoftware.htmlunit.html.DomNode.getPrefix(), public com.gargoylesoftware.htmlunit.html.DomNode com.gargoylesoftware.htmlunit.html.DomNode.getPreviousSibling(), public org.w3c.dom.Node com.gargoylesoftware.htmlunit.html.DomNode.getPreviousSibling(), public java.lang.String com.gargoylesoftware.htmlunit.html.DomNode.getReadyState(), public net.sourceforge.htmlunit.corejs.javascript.ScriptableObject com.gargoylesoftware.htmlunit.html.DomNode.getScriptObject(), public int com.gargoylesoftware.htmlunit.html.DomNode.getStartColumnNumber(), public int com.gargoylesoftware.htmlunit.html.DomNode.getStartLineNumber(), public java.lang.String com.gargoylesoftware.htmlunit.html.DomNode.getTextContent(), public java.lang.Object com.gargoylesoftware.htmlunit.html.DomNode.getUserData(java.lang.String), public boolean com.gargoylesoftware.htmlunit.html.DomNode.hasAttributes(), public boolean com.gargoylesoftware.htmlunit.html.DomNode.hasChildNodes(), public org.w3c.dom.Node com.gargoylesoftware.htmlunit.html.DomNode.insertBefore(org.w3c.dom.Node,org.w3c.dom.Node), public void com.gargoylesoftware.htmlunit.html.DomNode.insertBefore(com.gargoylesoftware.htmlunit.html.DomNode) throws java.lang.IllegalStateException, public boolean com.gargoylesoftware.htmlunit.html.DomNode.isAncestorOf(com.gargoylesoftware.htmlunit.html.DomNode), public boolean com.gargoylesoftware.htmlunit.html.DomNode.isDefaultNamespace(java.lang.String), public boolean com.gargoylesoftware.htmlunit.html.DomNode.isDisplayed(), public boolean com.gargoylesoftware.htmlunit.html.DomNode.isEqualNode(org.w3c.dom.Node), public boolean com.gargoylesoftware.htmlunit.html.DomNode.isSameNode(org.w3c.dom.Node), public boolean com.gargoylesoftware.htmlunit.html.DomNode.isSupported(java.lang.String,java.lang.String), public java.lang.String com.gargoylesoftware.htmlunit.html.DomNode.lookupNamespaceURI(java.lang.String), public java.lang.String com.gargoylesoftware.htmlunit.html.DomNode.lookupPrefix(java.lang.String), public void com.gargoylesoftware.htmlunit.html.DomNode.normalize(), public void com.gargoylesoftware.htmlunit.html.DomNode.remove(), public void com.gargoylesoftware.htmlunit.html.DomNode.removeAllChildren(), public org.w3c.dom.Node com.gargoylesoftware.htmlunit.html.DomNode.removeChild(org.w3c.dom.Node), public void com.gargoylesoftware.htmlunit.html.DomNode.removeDomChangeListener(com.gargoylesoftware.htmlunit.html.DomChangeListener), public void com.gargoylesoftware.htmlunit.html.DomNode.replace(com.gargoylesoftware.htmlunit.html.DomNode) throws java.lang.IllegalStateException, public org.w3c.dom.Node com.gargoylesoftware.htmlunit.html.DomNode.replaceChild(org.w3c.dom.Node,org.w3c.dom.Node), public void com.gargoylesoftware.htmlunit.html.DomNode.setNodeValue(java.lang.String), public void com.gargoylesoftware.htmlunit.html.DomNode.setPrefix(java.lang.String), public void com.gargoylesoftware.htmlunit.html.DomNode.setReadyState(java.lang.String), public void com.gargoylesoftware.htmlunit.html.DomNode.setScriptObject(net.sourceforge.htmlunit.corejs.javascript.ScriptableObject), public void com.gargoylesoftware.htmlunit.html.DomNode.setTextContent(java.lang.String), public java.lang.Object com.gargoylesoftware.htmlunit.html.DomNode.setUserData(java.lang.String,java.lang.Object,org.w3c.dom.UserDataHandler), public java.lang.String com.gargoylesoftware.htmlunit.SgmlPage.asXml(), public void com.gargoylesoftware.htmlunit.SgmlPage.cleanUp() throws java.io.IOException, public com.gargoylesoftware.htmlunit.html.DomDocumentFragment com.gargoylesoftware.htmlunit.SgmlPage.createDomDocumentFragment(), public abstract org.w3c.dom.Element com.gargoylesoftware.htmlunit.SgmlPage.createElement(java.lang.String), public abstract org.w3c.dom.Element com.gargoylesoftware.htmlunit.SgmlPage.createElementNS(java.lang.String,java.lang.String), public final org.w3c.dom.DocumentType com.gargoylesoftware.htmlunit.SgmlPage.getDoctype(), public com.gargoylesoftware.htmlunit.html.DomElement com.gargoylesoftware.htmlunit.SgmlPage.getDocumentElement(), public org.w3c.dom.Element com.gargoylesoftware.htmlunit.SgmlPage.getDocumentElement(), public com.gargoylesoftware.htmlunit.WebWindow com.gargoylesoftware.htmlunit.SgmlPage.getEnclosingWindow(), public java.lang.String com.gargoylesoftware.htmlunit.SgmlPage.getNodeName(), public short com.gargoylesoftware.htmlunit.SgmlPage.getNodeType(), public com.gargoylesoftware.htmlunit.SgmlPage com.gargoylesoftware.htmlunit.SgmlPage.getPage(), public abstract java.lang.String com.gargoylesoftware.htmlunit.SgmlPage.getPageEncoding(), public com.gargoylesoftware.htmlunit.WebClient com.gargoylesoftware.htmlunit.SgmlPage.getWebClient(), public com.gargoylesoftware.htmlunit.WebResponse com.gargoylesoftware.htmlunit.SgmlPage.getWebResponse(), public abstract boolean com.gargoylesoftware.htmlunit.SgmlPage.hasCaseSensitiveTagNames(), public void com.gargoylesoftware.htmlunit.SgmlPage.initialize() throws java.io.IOException, public void com.gargoylesoftware.htmlunit.SgmlPage.setEnclosingWindow(com.gargoylesoftware.htmlunit.WebWindow), public void com.gargoylesoftware.htmlunit.html.HtmlPage.addHtmlAttributeChangeListener(com.gargoylesoftware.htmlunit.html.HtmlAttributeChangeListener), public org.w3c.dom.Node com.gargoylesoftware.htmlunit.html.HtmlPage.adoptNode(org.w3c.dom.Node) throws org.w3c.dom.DOMException, public void com.gargoylesoftware.htmlunit.html.HtmlPage.cleanUp(), public com.gargoylesoftware.htmlunit.html.DomNode com.gargoylesoftware.htmlunit.html.HtmlPage.cloneNode(boolean), public com.gargoylesoftware.htmlunit.html.HtmlPage com.gargoylesoftware.htmlunit.html.HtmlPage.cloneNode(boolean), public org.w3c.dom.Node com.gargoylesoftware.htmlunit.html.HtmlPage.cloneNode(boolean), public org.w3c.dom.Attr com.gargoylesoftware.htmlunit.html.HtmlPage.createAttribute(java.lang.String), public org.w3c.dom.Attr com.gargoylesoftware.htmlunit.html.HtmlPage.createAttributeNS(java.lang.String,java.lang.String), public org.w3c.dom.CDATASection com.gargoylesoftware.htmlunit.html.HtmlPage.createCDATASection(java.lang.String), public org.w3c.dom.Comment com.gargoylesoftware.htmlunit.html.HtmlPage.createComment(java.lang.String), public org.w3c.dom.DocumentFragment com.gargoylesoftware.htmlunit.html.HtmlPage.createDocumentFragment(), public com.gargoylesoftware.htmlunit.html.HtmlElement com.gargoylesoftware.htmlunit.html.HtmlPage.createElement(java.lang.String), public org.w3c.dom.Element com.gargoylesoftware.htmlunit.html.HtmlPage.createElement(java.lang.String), public com.gargoylesoftware.htmlunit.html.HtmlElement com.gargoylesoftware.htmlunit.html.HtmlPage.createElementNS(java.lang.String,java.lang.String), public org.w3c.dom.Element com.gargoylesoftware.htmlunit.html.HtmlPage.createElementNS(java.lang.String,java.lang.String), public org.w3c.dom.EntityReference com.gargoylesoftware.htmlunit.html.HtmlPage.createEntityReference(java.lang.String), public com.gargoylesoftware.htmlunit.html.HtmlElement com.gargoylesoftware.htmlunit.html.HtmlPage.createHtmlElement(java.lang.String), public com.gargoylesoftware.htmlunit.html.HtmlElement com.gargoylesoftware.htmlunit.html.HtmlPage.createHtmlElementNS(java.lang.String,java.lang.String), public org.w3c.dom.ProcessingInstruction com.gargoylesoftware.htmlunit.html.HtmlPage.createProcessingInstruction(java.lang.String,java.lang.String), public org.w3c.dom.Text com.gargoylesoftware.htmlunit.html.HtmlPage.createTextNode(java.lang.String), public void com.gargoylesoftware.htmlunit.html.HtmlPage.deregisterFramesIfNeeded(), public com.gargoylesoftware.htmlunit.ScriptResult com.gargoylesoftware.htmlunit.html.HtmlPage.executeJavaScript(java.lang.String), public com.gargoylesoftware.htmlunit.ScriptResult com.gargoylesoftware.htmlunit.html.HtmlPage.executeJavaScriptFunctionIfPossible(net.sourceforge.htmlunit.corejs.javascript.Function,net.sourceforge.htmlunit.corejs.javascript.Scriptable,java.lang.Object[],com.gargoylesoftware.htmlunit.html.DomNode), public com.gargoylesoftware.htmlunit.ScriptResult com.gargoylesoftware.htmlunit.html.HtmlPage.executeJavaScriptIfPossible(java.lang.String,java.lang.String,int), public com.gargoylesoftware.htmlunit.html.HtmlAnchor com.gargoylesoftware.htmlunit.html.HtmlPage.getAnchorByHref(java.lang.String) throws com.gargoylesoftware.htmlunit.ElementNotFoundException, public com.gargoylesoftware.htmlunit.html.HtmlAnchor com.gargoylesoftware.htmlunit.html.HtmlPage.getAnchorByName(java.lang.String) throws com.gargoylesoftware.htmlunit.ElementNotFoundException, public java.util.List com.gargoylesoftware.htmlunit.html.HtmlPage.getAnchors(), public com.gargoylesoftware.htmlunit.html.HtmlElement com.gargoylesoftware.htmlunit.html.HtmlPage.getBody(), public com.gargoylesoftware.htmlunit.html.DomElement com.gargoylesoftware.htmlunit.html.HtmlPage.getDocumentElement(), public com.gargoylesoftware.htmlunit.html.HtmlElement com.gargoylesoftware.htmlunit.html.HtmlPage.getDocumentElement(), public org.w3c.dom.Element com.gargoylesoftware.htmlunit.html.HtmlPage.getDocumentElement(), public java.lang.String com.gargoylesoftware.htmlunit.html.HtmlPage.getDocumentURI(), public org.w3c.dom.DOMConfiguration com.gargoylesoftware.htmlunit.html.HtmlPage.getDomConfig(), public com.gargoylesoftware.htmlunit.html.HtmlElement com.gargoylesoftware.htmlunit.html.HtmlPage.getElementByAccessKey(char), public com.gargoylesoftware.htmlunit.html.HtmlElement com.gargoylesoftware.htmlunit.html.HtmlPage.getElementById(java.lang.String), public org.w3c.dom.Element com.gargoylesoftware.htmlunit.html.HtmlPage.getElementById(java.lang.String), public com.gargoylesoftware.htmlunit.html.HtmlElement com.gargoylesoftware.htmlunit.html.HtmlPage.getElementByName(java.lang.String) throws com.gargoylesoftware.htmlunit.ElementNotFoundException, public java.util.List com.gargoylesoftware.htmlunit.html.HtmlPage.getElementsByAccessKey(char), public java.util.List com.gargoylesoftware.htmlunit.html.HtmlPage.getElementsByIdAndOrName(java.lang.String), public java.util.List com.gargoylesoftware.htmlunit.html.HtmlPage.getElementsByName(java.lang.String), public org.w3c.dom.NodeList com.gargoylesoftware.htmlunit.html.HtmlPage.getElementsByTagName(java.lang.String), public org.w3c.dom.NodeList com.gargoylesoftware.htmlunit.html.HtmlPage.getElementsByTagNameNS(java.lang.String,java.lang.String), public com.gargoylesoftware.htmlunit.html.HtmlAnchor com.gargoylesoftware.htmlunit.html.HtmlPage.getFirstAnchorByText(java.lang.String) throws com.gargoylesoftware.htmlunit.ElementNotFoundException, public com.gargoylesoftware.htmlunit.html.HtmlElement com.gargoylesoftware.htmlunit.html.HtmlPage.getFocusedElement(), public com.gargoylesoftware.htmlunit.html.HtmlForm com.gargoylesoftware.htmlunit.html.HtmlPage.getFormByName(java.lang.String) throws com.gargoylesoftware.htmlunit.ElementNotFoundException, public java.util.List com.gargoylesoftware.htmlunit.html.HtmlPage.getForms(), public com.gargoylesoftware.htmlunit.html.FrameWindow com.gargoylesoftware.htmlunit.html.HtmlPage.getFrameByName(java.lang.String) throws com.gargoylesoftware.htmlunit.ElementNotFoundException, public java.util.List com.gargoylesoftware.htmlunit.html.HtmlPage.getFrames(), public java.net.URL com.gargoylesoftware.htmlunit.html.HtmlPage.getFullyQualifiedUrl(java.lang.String) throws java.net.MalformedURLException, public com.gargoylesoftware.htmlunit.html.HtmlElement com.gargoylesoftware.htmlunit.html.HtmlPage.getHtmlElementByAccessKey(char), public com.gargoylesoftware.htmlunit.html.HtmlElement com.gargoylesoftware.htmlunit.html.HtmlPage.getHtmlElementById(java.lang.String) throws com.gargoylesoftware.htmlunit.ElementNotFoundException, public java.util.List com.gargoylesoftware.htmlunit.html.HtmlPage.getHtmlElementsByAccessKey(char), public java.util.List com.gargoylesoftware.htmlunit.html.HtmlPage.getHtmlElementsByIdAndOrName(java.lang.String), public java.util.List com.gargoylesoftware.htmlunit.html.HtmlPage.getHtmlElementsByName(java.lang.String), public org.w3c.dom.DOMImplementation com.gargoylesoftware.htmlunit.html.HtmlPage.getImplementation(), public java.lang.String com.gargoylesoftware.htmlunit.html.HtmlPage.getInputEncoding(), public java.util.Map com.gargoylesoftware.htmlunit.html.HtmlPage.getNamespaces(), public org.w3c.dom.Document com.gargoylesoftware.htmlunit.html.HtmlPage.getOwnerDocument(), public com.gargoylesoftware.htmlunit.SgmlPage com.gargoylesoftware.htmlunit.html.HtmlPage.getPage(), public com.gargoylesoftware.htmlunit.html.HtmlPage com.gargoylesoftware.htmlunit.html.HtmlPage.getPage(), public java.lang.String com.gargoylesoftware.htmlunit.html.HtmlPage.getPageEncoding(), public java.lang.String com.gargoylesoftware.htmlunit.html.HtmlPage.getResolvedTarget(java.lang.String), public org.w3c.dom.ranges.Range com.gargoylesoftware.htmlunit.html.HtmlPage.getSelection(), public boolean com.gargoylesoftware.htmlunit.html.HtmlPage.getStrictErrorChecking(), public java.util.List com.gargoylesoftware.htmlunit.html.HtmlPage.getTabbableElementIds(), public java.util.List com.gargoylesoftware.htmlunit.html.HtmlPage.getTabbableElements(), public java.lang.String com.gargoylesoftware.htmlunit.html.HtmlPage.getTitleText(), public java.lang.String com.gargoylesoftware.htmlunit.html.HtmlPage.getXmlEncoding(), public boolean com.gargoylesoftware.htmlunit.html.HtmlPage.getXmlStandalone(), public java.lang.String com.gargoylesoftware.htmlunit.html.HtmlPage.getXmlVersion(), public boolean com.gargoylesoftware.htmlunit.html.HtmlPage.hasCaseSensitiveTagNames(), public org.w3c.dom.Node com.gargoylesoftware.htmlunit.html.HtmlPage.importNode(org.w3c.dom.Node,boolean), public void com.gargoylesoftware.htmlunit.html.HtmlPage.initialize() throws java.io.IOException,com.gargoylesoftware.htmlunit.FailingHttpStatusCodeException, public boolean com.gargoylesoftware.htmlunit.html.HtmlPage.isBeingParsed(), public static boolean com.gargoylesoftware.htmlunit.html.HtmlPage.isJavaScript(java.lang.String,java.lang.String), public boolean com.gargoylesoftware.htmlunit.html.HtmlPage.isOnbeforeunloadAccepted(), public void com.gargoylesoftware.htmlunit.html.HtmlPage.normalizeDocument(), public com.gargoylesoftware.htmlunit.html.HtmlElement com.gargoylesoftware.htmlunit.html.HtmlPage.pressAccessKey(char) throws java.io.IOException, public com.gargoylesoftware.htmlunit.Page com.gargoylesoftware.htmlunit.html.HtmlPage.refresh() throws java.io.IOException, public void com.gargoylesoftware.htmlunit.html.HtmlPage.removeHtmlAttributeChangeListener(com.gargoylesoftware.htmlunit.html.HtmlAttributeChangeListener), public org.w3c.dom.Node com.gargoylesoftware.htmlunit.html.HtmlPage.renameNode(org.w3c.dom.Node,java.lang.String,java.lang.String) throws org.w3c.dom.DOMException, public void com.gargoylesoftware.htmlunit.html.HtmlPage.setDocumentURI(java.lang.String), public boolean com.gargoylesoftware.htmlunit.html.HtmlPage.setFocusedElement(com.gargoylesoftware.htmlunit.html.HtmlElement), public boolean com.gargoylesoftware.htmlunit.html.HtmlPage.setFocusedElement(com.gargoylesoftware.htmlunit.html.HtmlElement,boolean), public void com.gargoylesoftware.htmlunit.html.HtmlPage.setStrictErrorChecking(boolean), public void com.gargoylesoftware.htmlunit.html.HtmlPage.setTitleText(java.lang.String), public void com.gargoylesoftware.htmlunit.html.HtmlPage.setXmlStandalone(boolean) throws org.w3c.dom.DOMException, public void com.gargoylesoftware.htmlunit.html.HtmlPage.setXmlVersion(java.lang.String) throws org.w3c.dom.DOMException, public com.gargoylesoftware.htmlunit.html.HtmlElement com.gargoylesoftware.htmlunit.html.HtmlPage.tabToNextElement(), public com.gargoylesoftware.htmlunit.html.HtmlElement com.gargoylesoftware.htmlunit.html.HtmlPage.tabToPreviousElement(), public java.lang.String com.gargoylesoftware.htmlunit.html.HtmlPage.toString(), public void com.gargoylesoftware.htmlunit.html.HtmlPage.writeInParsedStream(java.lang.String)] size=188 modCount=2>
Setting value to [Jose da Silva] on field [name:nomeCompleto id:nomeCompleto] of form []
Changed attribute value to  on tag [input] (id: DomAttr[name=id value=nomeCompleto] / name: DomAttr[name=name value=nomeCompleto])
Clicked [Criar] which resolved to a [class com.gargoylesoftware.htmlunit.html.HtmlSubmitInput]
Content of web window [TopLevelWindow[name=""]] changed
<<<<<<<<<<<<<<<<<<<< Received response from POST http://localhost:8080/les-ejc/usuario/save <<<<<<<<<<<<<<<<<<<<
Response was a redirect to http://localhost:8080/les-ejc/usuario/show/2 <<<<<<<<<<<<<<<<<<<<
Response was 302 'Moved Temporarily', headers:
========================================
Server: Apache-Coyote/1.1
Location: http://localhost:8080/les-ejc/usuario/show/2
Content-Length: 0
Date: Thu, 17 Mar 2011 04:49:06 GMT
========================================
Content
========================================

========================================

#Following redirect to http://localhost:8080/les-ejc/usuario/show/2


>>>>>>>>>>>>>>>>>>>> Making request to http://localhost:8080/les-ejc/usuario/show/2 using method GET >>>>>>>>>>>>>>>>>>>>
Initializing web request settings for http://localhost:8080/les-ejc/usuario/show/2
Request parameters:
========================================
========================================
Request headers:
========================================
Accept-Language: en
Accept: */*
========================================
Content of web window [TopLevelWindow[name=""]] changed
<<<<<<<<<<<<<<<<<<<< Received response from GET http://localhost:8080/les-ejc/usuario/show/2 <<<<<<<<<<<<<<<<<<<<
Response was 200 'OK', headers:
========================================
Server: Apache-Coyote/1.1
Content-Type: text/html;charset=UTF-8
Content-Language: en
Content-Length: 6708
Date: Thu, 17 Mar 2011 04:49:09 GMT
========================================
Content
========================================
<!DOCTYPE html>
<html>
    <head>
        <title>Mostrar Usuario</title>
        <link rel="stylesheet" href="/les-ejc/css/main.css" />
        <link rel="shortcut icon" href="/les-ejc/images/favicon.ico" type="image/x-icon" />
        
        <meta http-equiv="Content-Type" content="text/html; charset=UTF-8"/>
        <meta name="layout" content="main"/>
        
        
    
        <script type="text/javascript" src="/les-ejc/js/application.js"></script>

		<div id="header">
		  <div id="loginHeader">
			[<a href="/les-ejc/">Login</a>]
		  </div>
		</div>
    </head>
    <body>
        <div id="spinner" class="spinner" style="display:none;">
            <img src="/les-ejc/images/spinner.gif" alt="Loading..." />
        </div>
        <div id="grailsLogo"><a href="http://grails.org"><img src="/les-ejc/images/grails_logo.png" alt="Grails" border="0" /></a></div>
        
        <div class="nav">
            <span class="menuButton"><a class="home" href="/les-ejc/">Principal</a></span>
            <span class="menuButton"><a href="/les-ejc/usuario/list" class="list">Lista de Usuario</a></span>
            <span class="menuButton"><a href="/les-ejc/usuario/create" class="create">Inserir Usuario</a></span>
        </div>
        <div class="body">
            <h1>Mostrar Usuario</h1>
            
            <div class="message">Usuario 2 criado</div>
            
            <div class="dialog">
                <table>
                    <tbody>
                    
                        <tr class="prop">
                            <td valign="top" class="name">Id</td>
                            
                            <td valign="top" class="value">2</td>
                            
                        </tr>
                    
                        <tr class="prop">
                            <td valign="top" class="name">Nome Completo</td>
                            
                            <td valign="top" class="value">Jose da Silva</td>
                            
                        </tr>
                    
                        <tr class="prop">
                            <td valign="top" class="name">Nome Usual</td>
                            
                            <td valign="top" class="value">Jose</td>
                            
                        </tr>
                    
                        <tr class="prop">
                            <td valign="top" class="name">Data De Nascimento</td>
                            
                            <td valign="top" class="value"></td>
                            
                        </tr>
                    
                        <tr class="prop">
                            <td valign="top" class="name">Endereco</td>
                            
                            <td valign="top" class="value"><a href="/les-ejc/endereco/show"></a></td>
                            
                        </tr>
                    
                        <tr class="prop">
                            <td valign="top" class="name">Telefone</td>
                            
                            <td valign="top" class="value"></td>
                            
                        </tr>
                    
                        <tr class="prop">
                            <td valign="top" class="name">Email</td>
                            
                            <td valign="top" class="value"></td>
                            
                        </tr>
                    
                        <tr class="prop">
                            <td valign="top" class="name">Foto</td>
                            
                        </tr>
                    
                        <tr class="prop">
                            <td valign="top" class="name">Paroquia</td>
                            
                            <td valign="top" class="value"></td>
                            
                        </tr>
                    
                        <tr class="prop">
                            <td valign="top" class="name">Equipes Trabalhadas</td>
                            
                            <td valign="top" class="value"></td>
                            
                        </tr>
                    
                        <tr class="prop">
                            <td valign="top" class="name">Observacoes</td>
                            
                            <td valign="top" class="value"></td>
                            
                        </tr>
                    
                        <tr class="prop">
                            <td valign="top" class="name">Senha</td>
                            
                            <td valign="top" class="value"></td>
                            
                        </tr>
                    
                        <tr class="prop">
                            <td valign="top" class="name">Login</td>
                            
                            <td valign="top" class="value"></td>
                            
                        </tr>
                    
                        <tr class="prop">
                            <td valign="top" class="name">J5 Atual</td>
                            
                            <td valign="top" class="value">False</td>
                            
                        </tr>
                    
                        <tr class="prop">
                            <td valign="top" class="name">Status</td>
                            
                            <td valign="top" class="value">Ativo</td>
                            
                        </tr>
                    
                        <tr class="prop">
                            <td valign="top" class="name">Tipo</td>
                            
                            <td valign="top" class="value">Jovem</td>
                            
                        </tr>
                    
                    </tbody>
                </table>
            </div>
            <div class="buttons">
                <form action="/les-ejc/usuario/index" method="post" >
                    <input type="hidden" name="id" value="2" id="id" />
                    <span class="button"><input type="submit" name="_action_edit" value="Editar" class="edit" /></span>
                    <span class="button"><input type="submit" name="_action_delete" value="Excluir" class="delete" onclick="return confirm('Voce tem certeza?');" /></span>
                </form>
            </div>
        </div>
    
    </body>
</html>
========================================

#--Output from testCadastroNulo--


>>>>>>>>>>>>>>>>>>>> Making request to http://localhost:8080/les-ejc/usuario/create using method GET >>>>>>>>>>>>>>>>>>>>
Initializing web request settings for http://localhost:8080/les-ejc/usuario/create
Request parameters:
========================================
========================================
Request headers:
========================================
Accept-Language: en
Accept: */*
========================================
Content of web window [TopLevelWindow[name=""]] changed
<<<<<<<<<<<<<<<<<<<< Received response from GET http://localhost:8080/les-ejc/usuario/create <<<<<<<<<<<<<<<<<<<<
Response was 200 'OK', headers:
========================================
Server: Apache-Coyote/1.1
Set-Cookie: JSESSIONID=A35E22B55C650C75F9846103010913BA; Path=/les-ejc
Content-Type: text/html;charset=UTF-8
Content-Language: en
Transfer-Encoding: chunked
Date: Thu, 17 Mar 2011 04:49:09 GMT
========================================
Content
========================================
<!DOCTYPE html>
<html>
    <head>
        <title>Criar Usuario</title>
        <link rel="stylesheet" href="/les-ejc/css/main.css" />
        <link rel="shortcut icon" href="/les-ejc/images/favicon.ico" type="image/x-icon" />
        
        <meta http-equiv="Content-Type" content="text/html; charset=UTF-8"/>
        <meta name="layout" content="main"/>
        
        
    
        <script type="text/javascript" src="/les-ejc/js/application.js"></script>

		<div id="header">
		  <div id="loginHeader">
			[<a href="/les-ejc/">Login</a>]
		  </div>
		</div>
    </head>
    <body>
        <div id="spinner" class="spinner" style="display:none;">
            <img src="/les-ejc/images/spinner.gif" alt="Loading..." />
        </div>
        <div id="grailsLogo"><a href="http://grails.org"><img src="/les-ejc/images/grails_logo.png" alt="Grails" border="0" /></a></div>
        
        <div class="nav">
            <span class="menuButton"><a class="home" href="/les-ejc/">Principal</a></span>
            <span class="menuButton"><a href="/les-ejc/usuario/list" class="list">Lista de Usuario</a></span>
        </div>
        <div class="body">
            <h1>Criar Usuario</h1>
            
            
            <form action="/les-ejc/usuario/save" method="post" enctype="multipart/form-data" >
                <div class="dialog">
                    <table>
                        <tbody>
                        
                            <tr class="prop">
                                <td valign="top" class="name">
                                    <label for="nomeCompleto">Nome Completo</label>
                                </td>
                                <td valign="top" class="value ">
                                    <input type="text" name="nomeCompleto" maxlength="100" value="" id="nomeCompleto" />
                                </td>
                            </tr>
                        
                            <tr class="prop">
                                <td valign="top" class="name">
                                    <label for="nomeUsual">Nome Usual</label>
                                </td>
                                <td valign="top" class="value ">
                                    <input type="text" name="nomeUsual" maxlength="40" value="" id="nomeUsual" />
                                </td>
                            </tr>
                        
                            <tr class="prop">
                                <td valign="top" class="name">
                                    <label for="dataDeNascimento">Data De Nascimento</label>
                                </td>
                                <td valign="top" class="value ">
                                    <input type="hidden" name="dataDeNascimento" value="date.struct" />
<select name="dataDeNascimento_day" id="dataDeNascimento_day">
<option value="" selected="selected"></option>
<option value="1">1</option>
<option value="2">2</option>
<option value="3">3</option>
<option value="4">4</option>
<option value="5">5</option>
<option value="6">6</option>
<option value="7">7</option>
<option value="8">8</option>
<option value="9">9</option>
<option value="10">10</option>
<option value="11">11</option>
<option value="12">12</option>
<option value="13">13</option>
<option value="14">14</option>
<option value="15">15</option>
<option value="16">16</option>
<option value="17">17</option>
<option value="18">18</option>
<option value="19">19</option>
<option value="20">20</option>
<option value="21">21</option>
<option value="22">22</option>
<option value="23">23</option>
<option value="24">24</option>
<option value="25">25</option>
<option value="26">26</option>
<option value="27">27</option>
<option value="28">28</option>
<option value="29">29</option>
<option value="30">30</option>
<option value="31">31</option>
</select>
<select name="dataDeNascimento_month" id="dataDeNascimento_month">
<option value="" selected="selected"></option>
<option value="1">January</option>
<option value="2">February</option>
<option value="3">March</option>
<option value="4">April</option>
<option value="5">May</option>
<option value="6">June</option>
<option value="7">July</option>
<option value="8">August</option>
<option value="9">September</option>
<option value="10">October</option>
<option value="11">November</option>
<option value="12">December</option>
</select>
<select name="dataDeNascimento_year" id="dataDeNascimento_year">
<option value="" selected="selected"></option>
<option value="1911">1911</option>
<option value="1912">1912</option>
<option value="1913">1913</option>
<option value="1914">1914</option>
<option value="1915">1915</option>
<option value="1916">1916</option>
<option value="1917">1917</option>
<option value="1918">1918</option>
<option value="1919">1919</option>
<option value="1920">1920</option>
<option value="1921">1921</option>
<option value="1922">1922</option>
<option value="1923">1923</option>
<option value="1924">1924</option>
<option value="1925">1925</option>
<option value="1926">1926</option>
<option value="1927">1927</option>
<option value="1928">1928</option>
<option value="1929">1929</option>
<option value="1930">1930</option>
<option value="1931">1931</option>
<option value="1932">1932</option>
<option value="1933">1933</option>
<option value="1934">1934</option>
<option value="1935">1935</option>
<option value="1936">1936</option>
<option value="1937">1937</option>
<option value="1938">1938</option>
<option value="1939">1939</option>
<option value="1940">1940</option>
<option value="1941">1941</option>
<option value="1942">1942</option>
<option value="1943">1943</option>
<option value="1944">1944</option>
<option value="1945">1945</option>
<option value="1946">1946</option>
<option value="1947">1947</option>
<option value="1948">1948</option>
<option value="1949">1949</option>
<option value="1950">1950</option>
<option value="1951">1951</option>
<option value="1952">1952</option>
<option value="1953">1953</option>
[...]
Changed attribute value to  on tag [input] (id: DomAttr[name=id value=nomeCompleto] / name: DomAttr[name=name value=nomeCompleto])
Setting value to [12345] on field [name:telefone id:telefone] of form []
Changed attribute value to  on tag [input] (id: DomAttr[name=id value=telefone] / name: DomAttr[name=name value=telefone])
Clicked [Criar] which resolved to a [class com.gargoylesoftware.htmlunit.html.HtmlSubmitInput]
Content of web window [TopLevelWindow[name=""]] changed
<<<<<<<<<<<<<<<<<<<< Received response from POST http://localhost:8080/les-ejc/usuario/save <<<<<<<<<<<<<<<<<<<<
Response was 200 'OK', headers:
========================================
Server: Apache-Coyote/1.1
Content-Type: text/html;charset=utf-8
Content-Language: en
Transfer-Encoding: chunked
Date: Thu, 17 Mar 2011 04:49:21 GMT
========================================
Content
========================================
<!DOCTYPE html>
<html>
    <head>
        <title>Criar Usuario</title>
        <link rel="stylesheet" href="/les-ejc/css/main.css" />
        <link rel="shortcut icon" href="/les-ejc/images/favicon.ico" type="image/x-icon" />
        
        <meta http-equiv="Content-Type" content="text/html; charset=UTF-8"/>
        <meta name="layout" content="main"/>
        
        
    
        <script type="text/javascript" src="/les-ejc/js/application.js"></script>

		<div id="header">
		  <div id="loginHeader">
			[<a href="/les-ejc/">Login</a>]
		  </div>
		</div>
    </head>
    <body>
        <div id="spinner" class="spinner" style="display:none;">
            <img src="/les-ejc/images/spinner.gif" alt="Loading..." />
        </div>
        <div id="grailsLogo"><a href="http://grails.org"><img src="/les-ejc/images/grails_logo.png" alt="Grails" border="0" /></a></div>
        
        <div class="nav">
            <span class="menuButton"><a class="home" href="/les-ejc/">Principal</a></span>
            <span class="menuButton"><a href="/les-ejc/usuario/list" class="list">Lista de Usuario</a></span>
        </div>
        <div class="body">
            <h1>Criar Usuario</h1>
            
            
            <div class="errors">
                <ul><li>O campo [telefone] com o valor [12345] nao atinge o tamanho minimo de [10]</li></ul>
            </div>
            
            <form action="/les-ejc/usuario/save" method="post" enctype="multipart/form-data" >
                <div class="dialog">
                    <table>
                        <tbody>
                        
                            <tr class="prop">
                                <td valign="top" class="name">
                                    <label for="nomeCompleto">Nome Completo</label>
                                </td>
                                <td valign="top" class="value ">
                                    <input type="text" name="nomeCompleto" maxlength="100" value="Jose da Silva" id="nomeCompleto" />
                                </td>
                            </tr>
                        
                            <tr class="prop">
                                <td valign="top" class="name">
                                    <label for="nomeUsual">Nome Usual</label>
                                </td>
                                <td valign="top" class="value ">
                                    <input type="text" name="nomeUsual" maxlength="40" value="Jose" id="nomeUsual" />
                                </td>
                            </tr>
                        
                            <tr class="prop">
                                <td valign="top" class="name">
                                    <label for="dataDeNascimento">Data De Nascimento</label>
                                </td>
                                <td valign="top" class="value ">
                                    <input type="hidden" name="dataDeNascimento" value="date.struct" />
<select name="dataDeNascimento_day" id="dataDeNascimento_day">
<option value="" selected="selected"></option>
<option value="1">1</option>
<option value="2">2</option>
<option value="3">3</option>
<option value="4">4</option>
<option value="5">5</option>
<option value="6">6</option>
<option value="7">7</option>
<option value="8">8</option>
<option value="9">9</option>
<option value="10">10</option>
<option value="11">11</option>
<option value="12">12</option>
<option value="13">13</option>
<option value="14">14</option>
<option value="15">15</option>
<option value="16">16</option>
<option value="17">17</option>
<option value="18">18</option>
<option value="19">19</option>
<option value="20">20</option>
<option value="21">21</option>
<option value="22">22</option>
<option value="23">23</option>
<option value="24">24</option>
<option value="25">25</option>
<option value="26">26</option>
<option value="27">27</option>
<option value="28">28</option>
<option value="29">29</option>
<option value="30">30</option>
<option value="31">31</option>
</select>
<select name="dataDeNascimento_month" id="dataDeNascimento_month">
<option value="" selected="selected"></option>
<option value="1">January</option>
<option value="2">February</option>
<option value="3">March</option>
<option value="4">April</option>
<option value="5">May</option>
<option value="6">June</option>
<option value="7">July</option>
<option value="8">August</option>
<option value="9">September</option>
<option value="10">October</option>
<option value="11">November</option>
<option value="12">December</option>
</select>
<select name="dataDeNascimento_year" id="dataDeNascimento_year">
<option value="" selected="selected"></option>
<option value="1911">1911</option>
<option value="1912">1912</option>
<option value="1913">1913</option>
<option value="1914">1914</option>
<option value="1915">1915</option>
<option value="1916">1916</option>
<option value="1917">1917</option>
<option value="1918">1918</option>
<option value="1919">1919</option>
<option value="1920">1920</option>
<option value="1921">1921</option>
<option value="1922">1922</option>
<option value="1923">1923</option>
<option value="1924">1924</option>
<option value="1925">1925</option>
<option value="1926">1926</option>
<option value="1927">1927</option>
<option value="1928">1928</option>
<option value="1929">1929</option>
<option value="1930">1930</option>
<option value="1931">1931</option>
<option value="1932">1932</option>
<option value="1933">1933</option>
<option value="1934">1934</option>
<option value="1935">1935</option>
<option value="1936">1936</option>
<option value="1937">1937</option>
<option value="1938">1938</option>
<option value="1939">1939</option>
<option value="1940">1940</option>
<option value="1941">1941</option>
<option value="1942">1942</option>
<option value="1943">1943</option>
<option value="1944">1944</option>
<option value="1945">1945</option>
<option value="1946">1946</option>
<option value="1947">1947</option>
<option value="1948">1948</option>
<option value="1949">1949</option>
<option value="1950">1950</option>
<option value="1951">1951</option>
<option value="1952">1952</option>
<option value="1953">1953</option>
<option value="1954">1954</option>
<option value="1955">1955</option>
<option value="1956">1956</option>
<option value="1957">1957</option>
<option value="1958">1958</option>
<option value="1959">1959</option>
<option value="1960">1960</option>
<option value="1961">1961</option>
<option value="1962">1962</option>
<option value="1963">1963</option>
<option value="1964">1964</option>
<option value="1965">1965</option>
<option value="1966">1966</option>
<option value="1967">1967</option>
<option value="1968">1968</option>
<option value="1969">1969</option>
<option value="1970">1970</option>
<option value="1971">1971</option>
<option value="1972">1972</option>
<option value="1973">1973</option>
<option value="1974">1974</option>
<option value="1975">1975</option>
<option value="1976">1976</option>
<option value="1977">1977</option>
<option value="1978">1978</option>
<option value="1979">1979</option>
<option value="1980">1980</option>
<option value="1981">1981</option>
<option value="1982">1982</option>
<option value="1983">1983</option>
<option value="1984">1984</option>
<option value="1985">1985</option>
<option value="1986">1986</option>
<option value="1987">1987</option>
<option value="1988">1988</option>
<option value="1989">1989</option>
<option value="1990">1990</option>
<option value="1991">1991</option>
<option value="1992">1992</option>
<option value="1993">1993</option>
<option value="1994">1994</option>
<option value="1995">1995</option>
<option value="1996">1996</option>
<option value="1997">1997</option>
<option value="1998">1998</option>
<option value="1999">1999</option>
<option value="2000">2000</option>
<option value="2001">2001</option>
<option value="2002">2002</option>
<option value="2003">2003</option>
<option value="2004">2004</option>
<option value="2005">2005</option>
<option value="2006">2006</option>
<option value="2007">2007</option>
<option value="2008">2008</option>
<option value="2009">2009</option>
<option value="2010">2010</option>
<option value="2011">2011</option>
<option value="2012">2012</option>
<option value="2013">2013</option>
<option value="2014">2014</option>
<option value="2015">2015</option>
<option value="2016">2016</option>
<option value="2017">2017</option>
<option value="2018">2018</option>
<option value="2019">2019</option>
<option value="2020">2020</option>
<option value="2021">2021</option>
<option value="2022">2022</option>
<option value="2023">2023</option>
<option value="2024">2024</option>
<option value="2025">2025</option>
<option value="2026">2026</option>
<option value="2027">2027</option>
<option value="2028">2028</option>
<option value="2029">2029</option>
<option value="2030">2030</option>
<option value="2031">2031</option>
<option value="2032">2032</option>
<option value="2033">2033</option>
<option value="2034">2034</option>
<option value="2035">2035</option>
<option value="2036">2036</option>
<option value="2037">2037</option>
<option value="2038">2038</option>
<option value="2039">2039</option>
<option value="2040">2040</option>
<option value="2041">2041</option>
<option value="2042">2042</option>
<option value="2043">2043</option>
<option value="2044">2044</option>
<option value="2045">2045</option>
<option value="2046">2046</option>
<option value="2047">2047</option>
<option value="2048">2048</option>
<option value="2049">2049</option>
<option value="2050">2050</option>
<option value="2051">2051</option>
<option value="2052">2052</option>
<option value="2053">2053</option>
<option value="2054">2054</option>
<option value="2055">2055</option>
<option value="2056">2056</option>
<option value="2057">2057</option>
<option value="2058">2058</option>
<option value="2059">2059</option>
<option value="2060">2060</option>
<option value="2061">2061</option>
<option value="2062">2062</option>
<option value="2063">2063</option>
<option value="2064">2064</option>
<option value="2065">2065</option>
<option value="2066">2066</option>
<option value="2067">2067</option>
<option value="2068">2068</option>
<option value="2069">2069</option>
<option value="2070">2070</option>
<option value="2071">2071</option>
<option value="2072">2072</option>
<option value="2073">2073</option>
<option value="2074">2074</option>
<option value="2075">2075</option>
<option value="2076">2076</option>
<option value="2077">2077</option>
<option value="2078">2078</option>
<option value="2079">2079</option>
<option value="2080">2080</option>
<option value="2081">2081</option>
<option value="2082">2082</option>
<option value="2083">2083</option>
<option value="2084">2084</option>
<option value="2085">2085</option>
<option value="2086">2086</option>
<option value="2087">2087</option>
<option value="2088">2088</option>
<option value="2089">2089</option>
<option value="2090">2090</option>
<option value="2091">2091</option>
<option value="2092">2092</option>
<option value="2093">2093</option>
<option value="2094">2094</option>
<option value="2095">2095</option>
<option value="2096">2096</option>
<option value="2097">2097</option>
<option value="2098">2098</option>
<option value="2099">2099</option>
<option value="2100">2100</option>
<option value="2101">2101</option>
<option value="2102">2102</option>
<option value="2103">2103</option>
<option value="2104">2104</option>
<option value="2105">2105</option>
<option value="2106">2106</option>
<option value="2107">2107</option>
<option value="2108">2108</option>
<option value="2109">2109</option>
<option value="2110">2110</option>
<option value="2111">2111</option>
</select>

                                </td>
                            </tr>
                        
                            <tr class="prop">
                                <td valign="top" class="name">
                                    <label for="endereco">Endereco</label>
                                </td>
                                <td valign="top" class="value ">
                                    <select name="endereco.id" id="endereco.id" >
<option value="null"></option>
</select>
                                </td>
                            </tr>
                        
                            <tr class="prop">
                                <td valign="top" class="name">
                                    <label for="telefone">Telefone</label>
                                </td>
                                <td valign="top" class="value errors">
                                    <input type="text" name="telefone" maxlength="10" value="12345" id="telefone" />
                                </td>
                            </tr>
                        
                            <tr class="prop">
                                <td valign="top" class="name">
                                    <label for="email">Email</label>
                                </td>
                                <td valign="top" class="value ">
                                    <input type="text" name="email" value="" id="email" />
                                </td>
                            </tr>
                        
                            <tr class="prop">
                                <td valign="top" class="name">
                                    <label for="foto">Foto</label>
                                </td>
                                <td valign="top" class="value ">
                                    <input type="file" id="foto" name="foto" />
                                </td>
                            </tr>
                        
                            <tr class="prop">
                                <td valign="top" class="name">
                                    <label for="paroquia">Paroquia</label>
                                </td>
                                <td valign="top" class="value ">
                                    <input type="text" name="paroquia" value="" id="paroquia" />
                                </td>
                            </tr>
                        
                            <tr class="prop">
                                <td valign="top" class="name">
                                    <label for="equipesTrabalhadas">Equipes Trabalhadas</label>
                                </td>
                                <td valign="top" class="value ">
                                    <input type="text" name="equipesTrabalhadas" value="" id="equipesTrabalhadas" />
                                </td>
                            </tr>
                        
                            <tr class="prop">
                                <td valign="top" class="name">
                                    <label for="observacoes">Observacoes</label>
                                </td>
                                <td valign="top" class="value ">
                                    <input type="text" name="observacoes" value="" id="observacoes" />
                                </td>
                            </tr>
                        
                            <tr class="prop">
                                <td valign="top" class="name">
                                    <label for="senha">Senha</label>
                                </td>
                                <td valign="top" class="value ">
                                    <input type="text" name="senha" value="" id="senha" />
                                </td>
                            </tr>
                        
                            <tr class="prop">
                                <td valign="top" class="name">
                                    <label for="login">Login</label>
                                </td>
                                <td valign="top" class="value ">
                                    <input type="text" name="login" value="" id="login" />
                                </td>
                            </tr>
                        
                            <tr class="prop">
                                <td valign="top" class="name">
                                    <label for="j5Atual">J5 Atual</label>
                                </td>
                                <td valign="top" class="value ">
                                    <input type="hidden" name="_j5Atual" /><input type="checkbox" name="j5Atual" id="j5Atual"  />
                                </td>
                            </tr>
                        
                            <tr class="prop">
                                <td valign="top" class="name">
                                    <label for="status">Status</label>
                                </td>
                                <td valign="top" class="value ">
                                    <select name="status" id="status" >
<option value="Ativo" selected="selected" >Ativo</option>
<option value="Casado" >Casado</option>
<option value="Impedido" >Impedido</option>
<option value="Sem_Contato" >Sem_Contato</option>
</select>
                                </td>
                            </tr>
                        
                            <tr class="prop">
                                <td valign="top" class="name">
                                    <label for="tipo">Tipo</label>
                                </td>
                                <td valign="top" class="value ">
                                    <select name="tipo" id="tipo" >
<option value="Jovem" selected="selected" >Jovem</option>
<option value="Casal" >Casal</option>
<option value="Padre" >Padre</option>
</select>
                                </td>
                            </tr>
                        
                        </tbody>
                    </table>
                </div>
                <div class="buttons">
                    <span class="button"><input type="submit" name="create" class="save" value="Criar" id="create" /></span>
                </div>
            </form>
        </div>
    
    </body>
</html>
========================================

#]]></system-out>

      <system-err><![CDATA[--Output from testTituloBasico--
--Output from testListaUsuarios--
--Output from testCadastroValido--
--Output from testCadastroNulo--
--Output from testCadastroNomeVazio--
--Output from testCadastroNomeInvalido--
--Output from testCadastroDeNomeUsualInvalido--
--Output from testCadastroDeParoquiaInvalido--
--Output from testCadastroDeEquipesTrabalhadasInvalido--
--Output from testCadastroObservacoesInvalido--
--Output from testEmailInvalido--
--Output from testNomeUsualAutomatico--
--Output from testTelefoneInvalido--
]]></system-err>

  </testsuite>
</testsuites>
