<?xml version="1.0" encoding="UTF-8" ?>
<testsuites>
  <testsuite errors="0" failures="0" hostname="Janderson_Jason" id="0" name="AniversarioJobTests" package="les.ejc" tests="1" time="1.14" timestamp="2011-03-14T04:23:39">
      <properties />

      <testcase classname="les.ejc.AniversarioJobTests" name="testSomething" time="0.984" />

      <system-out><![CDATA[--Output from testSomething--
]]></system-out>

      <system-err><![CDATA[--Output from testSomething--
]]></system-err>

  </testsuite>
  <testsuite errors="0" failures="0" hostname="Janderson_Jason" id="1" name="EnderecoControllerTests" package="les.ejc" tests="1" time="2.672" timestamp="2011-03-14T04:23:40">
      <properties />

      <testcase classname="les.ejc.EnderecoControllerTests" name="testSomething" time="2.672" />

      <system-out><![CDATA[--Output from testSomething--
]]></system-out>

      <system-err><![CDATA[--Output from testSomething--
]]></system-err>

  </testsuite>
  <testsuite errors="0" failures="0" hostname="Janderson_Jason" id="2" name="EnderecoTests" package="les.ejc" tests="1" time="0.015" timestamp="2011-03-14T04:23:43">
      <properties />

      <testcase classname="les.ejc.EnderecoTests" name="testSomething" time="0.015" />

      <system-out><![CDATA[--Output from testSomething--
]]></system-out>

      <system-err><![CDATA[--Output from testSomething--
]]></system-err>

  </testsuite>
  <testsuite errors="0" failures="0" hostname="Janderson_Jason" id="3" name="SenderServiceTests" package="les.ejc" tests="1" time="0.016" timestamp="2011-03-14T04:23:43">
      <properties />

      <testcase classname="les.ejc.SenderServiceTests" name="testSomething" time="0.016" />

      <system-out><![CDATA[--Output from testSomething--
]]></system-out>

      <system-err><![CDATA[--Output from testSomething--
]]></system-err>

  </testsuite>
  <testsuite errors="0" failures="0" hostname="Janderson_Jason" id="4" name="UsuarioControllerTests" package="les.ejc" tests="1" time="0.407" timestamp="2011-03-14T04:23:43">
      <properties />

      <testcase classname="les.ejc.UsuarioControllerTests" name="testSomething" time="0.375" />

      <system-out><![CDATA[--Output from testSomething--
]]></system-out>

      <system-err><![CDATA[--Output from testSomething--
]]></system-err>

  </testsuite>
  <testsuite errors="0" failures="0" hostname="Janderson_Jason" id="5" name="UsuarioTests" package="les.ejc" tests="10" time="6.547" timestamp="2011-03-14T04:23:44">
      <properties />

      <testcase classname="les.ejc.UsuarioTests" name="testPersistencia" time="3.953" />

      <testcase classname="les.ejc.UsuarioTests" name="testConstraints" time="0.828" />

      <testcase classname="les.ejc.UsuarioTests" name="testUnicidadeDeEmail" time="0.531" />

      <testcase classname="les.ejc.UsuarioTests" name="testRemocaoUsuario" time="0.25" />

      <testcase classname="les.ejc.UsuarioTests" name="testAtualizacaoDadosUsuario" time="0.328" />

      <testcase classname="les.ejc.UsuarioTests" name="testNomeUsualAutomatico" time="0.219" />

      <testcase classname="les.ejc.UsuarioTests" name="testCriacaoLoginSenhaAutomatica" time="0.234" />

      <testcase classname="les.ejc.UsuarioTests" name="testEnvioDeEmailNotificandoLoginSenha" time="0.0" />

      <testcase classname="les.ejc.UsuarioTests" name="testAlteracaoDeSenha" time="0.062" />

      <testcase classname="les.ejc.UsuarioTests" name="testEnvioDeEmailNotificandoAniversario" time="0.016" />

      <system-out><![CDATA[--Output from testPersistencia--
--Output from testConstraints--
--Output from testUnicidadeDeEmail--
--Output from testRemocaoUsuario--
--Output from testAtualizacaoDadosUsuario--
--Output from testNomeUsualAutomatico--
--Output from testCriacaoLoginSenhaAutomatica--
--Output from testEnvioDeEmailNotificandoLoginSenha--
--Output from testAlteracaoDeSenha--
--Output from testEnvioDeEmailNotificandoAniversario--
]]></system-out>

      <system-err><![CDATA[--Output from testPersistencia--
--Output from testConstraints--
--Output from testUnicidadeDeEmail--
--Output from testRemocaoUsuario--
--Output from testAtualizacaoDadosUsuario--
--Output from testNomeUsualAutomatico--
--Output from testCriacaoLoginSenhaAutomatica--
--Output from testEnvioDeEmailNotificandoLoginSenha--
--Output from testAlteracaoDeSenha--
--Output from testEnvioDeEmailNotificandoAniversario--
]]></system-err>

  </testsuite>
</testsuites>
