<?xml version="1.0" encoding="UTF-8" ?>
<testsuites>
  <testsuite errors="0" failures="0" hostname="lcc2-13" id="0" name="AniversarioJobTests" package="les.ejc" tests="1" time="0.01" timestamp="2011-03-14T15:45:20">
      <properties />

      <testcase classname="les.ejc.AniversarioJobTests" name="testSomething" time="0.0050" />

      <system-out><![CDATA[--Output from testSomething--
]]></system-out>

      <system-err><![CDATA[--Output from testSomething--
]]></system-err>

  </testsuite>
  <testsuite errors="0" failures="0" hostname="lcc2-13" id="1" name="EnderecoControllerTests" package="les.ejc" tests="1" time="0.738" timestamp="2011-03-14T15:45:19">
      <properties />

      <testcase classname="les.ejc.EnderecoControllerTests" name="testSomething" time="0.734" />

      <system-out><![CDATA[--Output from testSomething--
]]></system-out>

      <system-err><![CDATA[--Output from testSomething--
]]></system-err>

  </testsuite>
  <testsuite errors="0" failures="0" hostname="lcc2-13" id="2" name="EnderecoTests" package="les.ejc" tests="1" time="0.379" timestamp="2011-03-14T15:45:17">
      <properties />

      <testcase classname="les.ejc.EnderecoTests" name="testSomething" time="0.339" />

      <system-out><![CDATA[--Output from testSomething--
]]></system-out>

      <system-err><![CDATA[--Output from testSomething--
]]></system-err>

  </testsuite>
  <testsuite errors="0" failures="0" hostname="lcc2-13" id="3" name="SenderServiceTests" package="les.ejc" tests="1" time="0.019" timestamp="2011-03-14T15:45:20">
      <properties />

      <testcase classname="les.ejc.SenderServiceTests" name="testSomething" time="0.0050" />

      <system-out><![CDATA[--Output from testSomething--
]]></system-out>

      <system-err><![CDATA[--Output from testSomething--
]]></system-err>

  </testsuite>
  <testsuite errors="0" failures="0" hostname="lcc2-13" id="4" name="UsuarioControllerTests" package="les.ejc" tests="1" time="0.096" timestamp="2011-03-14T15:45:20">
      <properties />

      <testcase classname="les.ejc.UsuarioControllerTests" name="testSomething" time="0.093" />

      <system-out><![CDATA[--Output from testSomething--
]]></system-out>

      <system-err><![CDATA[--Output from testSomething--
]]></system-err>

  </testsuite>
  <testsuite errors="0" failures="0" hostname="lcc2-13" id="5" name="UsuarioTests" package="les.ejc" tests="10" time="1.564" timestamp="2011-03-14T15:45:18">
      <properties />

      <testcase classname="les.ejc.UsuarioTests" name="testPersistencia" time="1.13" />

      <testcase classname="les.ejc.UsuarioTests" name="testConstraints" time="0.19" />

      <testcase classname="les.ejc.UsuarioTests" name="testUnicidadeDeEmail" time="0.043" />

      <testcase classname="les.ejc.UsuarioTests" name="testRemocaoUsuario" time="0.021" />

      <testcase classname="les.ejc.UsuarioTests" name="testAtualizacaoDadosUsuario" time="0.036" />

      <testcase classname="les.ejc.UsuarioTests" name="testNomeUsualAutomatico" time="0.025" />

      <testcase classname="les.ejc.UsuarioTests" name="testCriacaoLoginSenhaAutomatica" time="0.062" />

      <testcase classname="les.ejc.UsuarioTests" name="testEnvioDeEmailNotificandoLoginSenha" time="0.0040" />

      <testcase classname="les.ejc.UsuarioTests" name="testAlteracaoDeSenha" time="0.028" />

      <testcase classname="les.ejc.UsuarioTests" name="testEnvioDeEmailNotificandoAniversario" time="0.0040" />

      <system-out><![CDATA[--Output from testPersistencia--
--Output from testConstraints--
--Output from testUnicidadeDeEmail--
--Output from testRemocaoUsuario--
--Output from testAtualizacaoDadosUsuario--
--Output from testNomeUsualAutomatico--
--Output from testCriacaoLoginSenhaAutomatica--
--Output from testEnvioDeEmailNotificandoLoginSenha--
--Output from testAlteracaoDeSenha--
--Output from testEnvioDeEmailNotificandoAniversario--
]]></system-out>

      <system-err><![CDATA[--Output from testPersistencia--
--Output from testConstraints--
--Output from testUnicidadeDeEmail--
--Output from testRemocaoUsuario--
--Output from testAtualizacaoDadosUsuario--
--Output from testNomeUsualAutomatico--
--Output from testCriacaoLoginSenhaAutomatica--
--Output from testEnvioDeEmailNotificandoLoginSenha--
--Output from testAlteracaoDeSenha--
--Output from testEnvioDeEmailNotificandoAniversario--
]]></system-err>

  </testsuite>
</testsuites>
