<?xml version="1.0" encoding="UTF-8" ?>
<testsuites>
  <testsuite errors="0" failures="0" hostname="Janderson_Jason" id="0" name="AniversarioJobTests" package="les.ejc" tests="1" time="0.781" timestamp="2011-03-13T04:00:28">
      <properties />

      <testcase classname="les.ejc.AniversarioJobTests" name="testSomething" time="0.734" />

      <system-out><![CDATA[--Output from testSomething--
]]></system-out>

      <system-err><![CDATA[--Output from testSomething--
]]></system-err>

  </testsuite>
  <testsuite errors="0" failures="0" hostname="Janderson_Jason" id="1" name="EnderecoControllerTests" package="les.ejc" tests="1" time="1.438" timestamp="2011-03-13T04:00:32">
      <properties />

      <testcase classname="les.ejc.EnderecoControllerTests" name="testSomething" time="1.438" />

      <system-out><![CDATA[--Output from testSomething--
]]></system-out>

      <system-err><![CDATA[--Output from testSomething--
]]></system-err>

  </testsuite>
  <testsuite errors="0" failures="0" hostname="Janderson_Jason" id="2" name="EnderecoTests" package="les.ejc" tests="1" time="0.031" timestamp="2011-03-13T04:00:34">
      <properties />

      <testcase classname="les.ejc.EnderecoTests" name="testSomething" time="0.015" />

      <system-out><![CDATA[--Output from testSomething--
]]></system-out>

      <system-err><![CDATA[--Output from testSomething--
]]></system-err>

  </testsuite>
  <testsuite errors="0" failures="0" hostname="Janderson_Jason" id="3" name="SenderServiceTests" package="les.ejc" tests="1" time="0.015" timestamp="2011-03-13T04:00:29">
      <properties />

      <testcase classname="les.ejc.SenderServiceTests" name="testSomething" time="0.015" />

      <system-out><![CDATA[--Output from testSomething--
]]></system-out>

      <system-err><![CDATA[--Output from testSomething--
]]></system-err>

  </testsuite>
  <testsuite errors="0" failures="0" hostname="Janderson_Jason" id="4" name="UsuarioControllerTests" package="les.ejc" tests="1" time="0.218" timestamp="2011-03-13T04:00:34">
      <properties />

      <testcase classname="les.ejc.UsuarioControllerTests" name="testSomething" time="0.203" />

      <system-out><![CDATA[--Output from testSomething--
]]></system-out>

      <system-err><![CDATA[--Output from testSomething--
]]></system-err>

  </testsuite>
  <testsuite errors="0" failures="1" hostname="Janderson_Jason" id="5" name="UsuarioTests" package="les.ejc" tests="8" time="3.297" timestamp="2011-03-13T04:00:29">
      <properties />

      <testcase classname="les.ejc.UsuarioTests" name="testPersistencia" time="2.266" />

      <testcase classname="les.ejc.UsuarioTests" name="testConstraints" time="0.344" />

      <testcase classname="les.ejc.UsuarioTests" name="testUnicidadeDeEmail" time="0.156" />

      <testcase classname="les.ejc.UsuarioTests" name="testNomeUsualAutomatico" time="0.093" />

      <testcase classname="les.ejc.UsuarioTests" name="testCriacaoLoginSenhaAutomatica" time="0.235">
          <failure message="junit.framework.ComparisonFailure: null expected:&lt;null&gt; but was:&lt;Janderson&gt;" type="junit.framework.AssertionFailedError">junit.framework.AssertionFailedError: junit.framework.ComparisonFailure: null expected:&lt;null&gt; but was:&lt;Janderson&gt;
	at les.ejc.UsuarioTests.testCriacaoLoginSenhaAutomatica(UsuarioTests.groovy:185)
</failure>

      </testcase>

      <testcase classname="les.ejc.UsuarioTests" name="testEnvioDeEmailNotificandoLoginSenha" time="0.015" />

      <testcase classname="les.ejc.UsuarioTests" name="testAlteracaoDeSenha" time="0.157" />

      <testcase classname="les.ejc.UsuarioTests" name="testEnvioDeEmailNotificandoAniversario" time="0.015" />

      <system-out><![CDATA[--Output from testPersistencia--
--Output from testConstraints--
--Output from testUnicidadeDeEmail--
--Output from testNomeUsualAutomatico--
--Output from testCriacaoLoginSenhaAutomatica--
--Output from testEnvioDeEmailNotificandoLoginSenha--
--Output from testAlteracaoDeSenha--
--Output from testEnvioDeEmailNotificandoAniversario--
]]></system-out>

      <system-err><![CDATA[--Output from testPersistencia--
--Output from testConstraints--
--Output from testUnicidadeDeEmail--
--Output from testNomeUsualAutomatico--
--Output from testCriacaoLoginSenhaAutomatica--
--Output from testEnvioDeEmailNotificandoLoginSenha--
--Output from testAlteracaoDeSenha--
--Output from testEnvioDeEmailNotificandoAniversario--
]]></system-err>

  </testsuite>
</testsuites>
