<?xml version="1.0" encoding="UTF-8" ?>
<testsuites>
  <testsuite errors="0" failures="0" hostname="Erickson-PC" id="0" name="AniversarioJobTests" package="les.ejc" tests="1" time="0.16" timestamp="2011-03-15T22:33:33">
      <properties />

      <testcase classname="les.ejc.AniversarioJobTests" name="testSomething" time="0.143" />

      <system-out><![CDATA[--Output from testSomething--
]]></system-out>

      <system-err><![CDATA[--Output from testSomething--
]]></system-err>

  </testsuite>
  <testsuite errors="0" failures="0" hostname="Erickson-PC" id="1" name="EnderecoControllerTests" package="les.ejc" tests="1" time="0.602" timestamp="2011-03-15T22:33:33">
      <properties />

      <testcase classname="les.ejc.EnderecoControllerTests" name="testSomething" time="0.598" />

      <system-out><![CDATA[--Output from testSomething--
]]></system-out>

      <system-err><![CDATA[--Output from testSomething--
]]></system-err>

  </testsuite>
  <testsuite errors="0" failures="0" hostname="Erickson-PC" id="2" name="EnderecoTests" package="les.ejc" tests="1" time="0.0070" timestamp="2011-03-15T22:33:34">
      <properties />

      <testcase classname="les.ejc.EnderecoTests" name="testSomething" time="0.0030" />

      <system-out><![CDATA[--Output from testSomething--
]]></system-out>

      <system-err><![CDATA[--Output from testSomething--
]]></system-err>

  </testsuite>
  <testsuite errors="0" failures="0" hostname="Erickson-PC" id="3" name="SenderServiceTests" package="les.ejc" tests="1" time="0.0090" timestamp="2011-03-15T22:33:34">
      <properties />

      <testcase classname="les.ejc.SenderServiceTests" name="testSomething" time="0.0040" />

      <system-out><![CDATA[--Output from testSomething--
]]></system-out>

      <system-err><![CDATA[--Output from testSomething--
]]></system-err>

  </testsuite>
  <testsuite errors="0" failures="0" hostname="Erickson-PC" id="4" name="UsuarioControllerTests" package="les.ejc" tests="1" time="0.109" timestamp="2011-03-15T22:33:34">
      <properties />

      <testcase classname="les.ejc.UsuarioControllerTests" name="testSomething" time="0.044" />

      <system-out><![CDATA[--Output from testSomething--
]]></system-out>

      <system-err><![CDATA[--Output from testSomething--
]]></system-err>

  </testsuite>
  <testsuite errors="0" failures="0" hostname="Erickson-PC" id="5" name="UsuarioTests" package="les.ejc" tests="10" time="0.778" timestamp="2011-03-15T22:33:34">
      <properties />

      <testcase classname="les.ejc.UsuarioTests" name="testPersistencia" time="0.518" />

      <testcase classname="les.ejc.UsuarioTests" name="testConstraints" time="0.08" />

      <testcase classname="les.ejc.UsuarioTests" name="testUnicidadeDeEmail" time="0.028" />

      <testcase classname="les.ejc.UsuarioTests" name="testRemocaoUsuario" time="0.018" />

      <testcase classname="les.ejc.UsuarioTests" name="testAtualizacaoDadosUsuario" time="0.03" />

      <testcase classname="les.ejc.UsuarioTests" name="testNomeUsualAutomatico" time="0.017" />

      <testcase classname="les.ejc.UsuarioTests" name="testCriacaoLoginSenhaAutomatica" time="0.051" />

      <testcase classname="les.ejc.UsuarioTests" name="testEnvioDeEmailNotificandoLoginSenha" time="0.0030" />

      <testcase classname="les.ejc.UsuarioTests" name="testAlteracaoDeSenha" time="0.021" />

      <testcase classname="les.ejc.UsuarioTests" name="testEnvioDeEmailNotificandoAniversario" time="0.0030" />

      <system-out><![CDATA[--Output from testPersistencia--
--Output from testConstraints--
--Output from testUnicidadeDeEmail--
--Output from testRemocaoUsuario--
--Output from testAtualizacaoDadosUsuario--
--Output from testNomeUsualAutomatico--
--Output from testCriacaoLoginSenhaAutomatica--
--Output from testEnvioDeEmailNotificandoLoginSenha--
--Output from testAlteracaoDeSenha--
--Output from testEnvioDeEmailNotificandoAniversario--
]]></system-out>

      <system-err><![CDATA[--Output from testPersistencia--
--Output from testConstraints--
--Output from testUnicidadeDeEmail--
--Output from testRemocaoUsuario--
--Output from testAtualizacaoDadosUsuario--
--Output from testNomeUsualAutomatico--
--Output from testCriacaoLoginSenhaAutomatica--
--Output from testEnvioDeEmailNotificandoLoginSenha--
--Output from testAlteracaoDeSenha--
--Output from testEnvioDeEmailNotificandoAniversario--
]]></system-err>

  </testsuite>
</testsuites>
