<?xml version="1.0" encoding="UTF-8" ?>
<testsuites>
  <testsuite errors="0" failures="0" hostname="Janderson_Jason" id="0" name="AniversarioJobTests" package="les.ejc" tests="1" time="0.954" timestamp="2011-03-13T02:43:07">
      <properties />

      <testcase classname="les.ejc.AniversarioJobTests" name="testSomething" time="0.844" />

      <system-out><![CDATA[--Output from testSomething--
]]></system-out>

      <system-err><![CDATA[--Output from testSomething--
]]></system-err>

  </testsuite>
  <testsuite errors="0" failures="0" hostname="Janderson_Jason" id="1" name="EnderecoControllerTests" package="les.ejc" tests="1" time="1.687" timestamp="2011-03-13T02:43:21">
      <properties />

      <testcase classname="les.ejc.EnderecoControllerTests" name="testSomething" time="1.672" />

      <system-out><![CDATA[--Output from testSomething--
]]></system-out>

      <system-err><![CDATA[--Output from testSomething--
]]></system-err>

  </testsuite>
  <testsuite errors="0" failures="0" hostname="Janderson_Jason" id="2" name="EnderecoTests" package="les.ejc" tests="1" time="0.062" timestamp="2011-03-13T02:43:23">
      <properties />

      <testcase classname="les.ejc.EnderecoTests" name="testSomething" time="0.0" />

      <system-out><![CDATA[--Output from testSomething--
]]></system-out>

      <system-err><![CDATA[--Output from testSomething--
]]></system-err>

  </testsuite>
  <testsuite errors="0" failures="0" hostname="Janderson_Jason" id="3" name="SenderServiceTests" package="les.ejc" tests="1" time="0.031" timestamp="2011-03-13T02:43:09">
      <properties />

      <testcase classname="les.ejc.SenderServiceTests" name="testSomething" time="0.031" />

      <system-out><![CDATA[--Output from testSomething--
]]></system-out>

      <system-err><![CDATA[--Output from testSomething--
]]></system-err>

  </testsuite>
  <testsuite errors="0" failures="0" hostname="Janderson_Jason" id="4" name="UsuarioControllerTests" package="les.ejc" tests="1" time="0.266" timestamp="2011-03-13T02:43:23">
      <properties />

      <testcase classname="les.ejc.UsuarioControllerTests" name="testSomething" time="0.25" />

      <system-out><![CDATA[--Output from testSomething--
]]></system-out>

      <system-err><![CDATA[--Output from testSomething--
]]></system-err>

  </testsuite>
  <testsuite errors="0" failures="3" hostname="Janderson_Jason" id="5" name="UsuarioTests" package="les.ejc" tests="7" time="10.969" timestamp="2011-03-13T02:43:10">
      <properties />

      <testcase classname="les.ejc.UsuarioTests" name="testConstraints" time="8.641" />

      <testcase classname="les.ejc.UsuarioTests" name="testUnicidadeDeEmail" time="1.047" />

      <testcase classname="les.ejc.UsuarioTests" name="testNomeUsualAutomatico" time="0.39">
          <failure message="junit.framework.ComparisonFailure: null expected:&lt;[Janderson]&gt; but was:&lt;[]&gt;" type="junit.framework.AssertionFailedError">junit.framework.AssertionFailedError: junit.framework.ComparisonFailure: null expected:&lt;[Janderson]&gt; but was:&lt;[]&gt;
	at les.ejc.UsuarioTests.testNomeUsualAutomatico(UsuarioTests.groovy:120)
</failure>

      </testcase>

      <testcase classname="les.ejc.UsuarioTests" name="testCriacaoLoginSenhaAutomatica" time="0.407">
          <failure message="junit.framework.ComparisonFailure: null expected:&lt;aleatorio3@email.com&gt; but was:&lt;null&gt;" type="junit.framework.AssertionFailedError">junit.framework.AssertionFailedError: junit.framework.ComparisonFailure: null expected:&lt;aleatorio3@email.com&gt; but was:&lt;null&gt;
	at les.ejc.UsuarioTests.testCriacaoLoginSenhaAutomatica(UsuarioTests.groovy:156)
</failure>

      </testcase>

      <testcase classname="les.ejc.UsuarioTests" name="testEnvioDeEmailNotificandoLoginSenha" time="0.015" />

      <testcase classname="les.ejc.UsuarioTests" name="testAlteracaoDeSenha" time="0.141">
          <failure message="junit.framework.ComparisonFailure: null expected:&lt;algumacoisa@email.com&gt; but was:&lt;null&gt;" type="junit.framework.AssertionFailedError">junit.framework.AssertionFailedError: junit.framework.ComparisonFailure: null expected:&lt;algumacoisa@email.com&gt; but was:&lt;null&gt;
	at les.ejc.UsuarioTests.testAlteracaoDeSenha(UsuarioTests.groovy:185)
</failure>

      </testcase>

      <testcase classname="les.ejc.UsuarioTests" name="testEnvioDeEmailNotificandoAniversario" time="0.015" />

      <system-out><![CDATA[--Output from testConstraints--
--Output from testUnicidadeDeEmail--
--Output from testNomeUsualAutomatico--
--Output from testCriacaoLoginSenhaAutomatica--
--Output from testEnvioDeEmailNotificandoLoginSenha--
--Output from testAlteracaoDeSenha--
--Output from testEnvioDeEmailNotificandoAniversario--
]]></system-out>

      <system-err><![CDATA[--Output from testConstraints--
--Output from testUnicidadeDeEmail--
--Output from testNomeUsualAutomatico--
--Output from testCriacaoLoginSenhaAutomatica--
--Output from testEnvioDeEmailNotificandoLoginSenha--
--Output from testAlteracaoDeSenha--
--Output from testEnvioDeEmailNotificandoAniversario--
]]></system-err>

  </testsuite>
</testsuites>
