<?xml version="1.0" encoding="UTF-8" ?>
<testsuite errors="0" failures="3" hostname="Janderson_Jason" name="les.ejc.UsuarioTests" tests="7" time="10.969" timestamp="2011-03-13T02:43:10">
  <properties />
  <testcase classname="les.ejc.UsuarioTests" name="testConstraints" time="8.641" />
  <testcase classname="les.ejc.UsuarioTests" name="testUnicidadeDeEmail" time="1.047" />
  <testcase classname="les.ejc.UsuarioTests" name="testNomeUsualAutomatico" time="0.39">
    <failure message="junit.framework.ComparisonFailure: null expected:&lt;[Janderson]&gt; but was:&lt;[]&gt;" type="junit.framework.AssertionFailedError">junit.framework.AssertionFailedError: junit.framework.ComparisonFailure: null expected:&lt;[Janderson]&gt; but was:&lt;[]&gt;
	at les.ejc.UsuarioTests.testNomeUsualAutomatico(UsuarioTests.groovy:120)
</failure>
  </testcase>
  <testcase classname="les.ejc.UsuarioTests" name="testCriacaoLoginSenhaAutomatica" time="0.407">
    <failure message="junit.framework.ComparisonFailure: null expected:&lt;aleatorio3@email.com&gt; but was:&lt;null&gt;" type="junit.framework.AssertionFailedError">junit.framework.AssertionFailedError: junit.framework.ComparisonFailure: null expected:&lt;aleatorio3@email.com&gt; but was:&lt;null&gt;
	at les.ejc.UsuarioTests.testCriacaoLoginSenhaAutomatica(UsuarioTests.groovy:156)
</failure>
  </testcase>
  <testcase classname="les.ejc.UsuarioTests" name="testEnvioDeEmailNotificandoLoginSenha" time="0.015" />
  <testcase classname="les.ejc.UsuarioTests" name="testAlteracaoDeSenha" time="0.141">
    <failure message="junit.framework.ComparisonFailure: null expected:&lt;algumacoisa@email.com&gt; but was:&lt;null&gt;" type="junit.framework.AssertionFailedError">junit.framework.AssertionFailedError: junit.framework.ComparisonFailure: null expected:&lt;algumacoisa@email.com&gt; but was:&lt;null&gt;
	at les.ejc.UsuarioTests.testAlteracaoDeSenha(UsuarioTests.groovy:185)
</failure>
  </testcase>
  <testcase classname="les.ejc.UsuarioTests" name="testEnvioDeEmailNotificandoAniversario" time="0.015" />
  <system-out><![CDATA[--Output from testConstraints--
--Output from testUnicidadeDeEmail--
--Output from testNomeUsualAutomatico--
--Output from testCriacaoLoginSenhaAutomatica--
--Output from testEnvioDeEmailNotificandoLoginSenha--
--Output from testAlteracaoDeSenha--
--Output from testEnvioDeEmailNotificandoAniversario--
]]></system-out>
  <system-err><![CDATA[--Output from testConstraints--
--Output from testUnicidadeDeEmail--
--Output from testNomeUsualAutomatico--
--Output from testCriacaoLoginSenhaAutomatica--
--Output from testEnvioDeEmailNotificandoLoginSenha--
--Output from testAlteracaoDeSenha--
--Output from testEnvioDeEmailNotificandoAniversario--
]]></system-err>
</testsuite>
