Testsuite: les.ejc.UsuarioTests
Tests run: 7, Failures: 0, Errors: 4, Time elapsed: 6,75 sec
------------- Standard Output ---------------
--Output from testConstraints--
--Output from testUnicidadeDeEmail--
--Output from testNomeUsualAutomatico--
--Output from testCriacaoLoginSenhaAutomatica--
--Output from testEnvioDeEmailNotificandoLoginSenha--
--Output from testAlteracaoDeSenha--
--Output from testEnvioDeEmailNotificandoAniversario--
------------- ---------------- ---------------
------------- Standard Error -----------------
--Output from testConstraints--
--Output from testUnicidadeDeEmail--
--Output from testNomeUsualAutomatico--
--Output from testCriacaoLoginSenhaAutomatica--
--Output from testEnvioDeEmailNotificandoLoginSenha--
--Output from testAlteracaoDeSenha--
--Output from testEnvioDeEmailNotificandoAniversario--
------------- ---------------- ---------------

Testcase: testConstraints took 5,563 sec
	Caused an ERROR
No such property: usuario_J5Completo for class: les.ejc.UsuarioTests
groovy.lang.MissingPropertyException: No such property: usuario_J5Completo for class: les.ejc.UsuarioTests
	at les.ejc.UsuarioTests.testConstraints(UsuarioTests.groovy:43)

Testcase: testUnicidadeDeEmail took 0,344 sec
Testcase: testNomeUsualAutomatico took 0,266 sec
	Caused an ERROR
No such property: nomeUsual for class: les.ejc.Usuario
groovy.lang.MissingPropertyException: No such property: nomeUsual for class: les.ejc.Usuario
	at les.ejc.UsuarioTests.testNomeUsualAutomatico(UsuarioTests.groovy:117)

Testcase: testCriacaoLoginSenhaAutomatica took 0,36 sec
	Caused an ERROR
No such property: IMPEDIDO for class: les.ejc.Status
groovy.lang.MissingPropertyException: No such property: IMPEDIDO for class: les.ejc.Status
	at les.ejc.UsuarioTests.testCriacaoLoginSenhaAutomatica(UsuarioTests.groovy:124)

Testcase: testEnvioDeEmailNotificandoLoginSenha took 0,015 sec
Testcase: testAlteracaoDeSenha took 0,078 sec
	Caused an ERROR
No signature of method: les.ejc.UsuarioTests.newDate() is applicable for argument types: (java.lang.String) values: [22/03/1990]
Possible solutions: setName(java.lang.String), getName(), getName(), getAt(java.lang.String)
groovy.lang.MissingMethodException: No signature of method: les.ejc.UsuarioTests.newDate() is applicable for argument types: (java.lang.String) values: [22/03/1990]
Possible solutions: setName(java.lang.String), getName(), getName(), getAt(java.lang.String)
	at les.ejc.UsuarioTests.testAlteracaoDeSenha(UsuarioTests.groovy:172)

Testcase: testEnvioDeEmailNotificandoAniversario took 0,016 sec
